Log file open, 12/11/18 15:20:57
LogWindows: Failed to load 'aqProf.dll' (GetLastError=126)
LogWindows: File 'aqProf.dll' does not exist
LogWindows: Failed to load 'VSPerf140.dll' (GetLastError=126)
LogWindows: File 'VSPerf140.dll' does not exist
LogWindows: Failed to load 'VtuneApi.dll' (GetLastError=126)
LogWindows: File 'VtuneApi.dll' does not exist
LogWindows: Failed to load 'VtuneApi32e.dll' (GetLastError=126)
LogWindows: File 'VtuneApi32e.dll' does not exist
LogInit: Display: Running engine for game: SurvivalGame
LogPlatformFile: Not using cached read wrapper
LogTaskGraph: Started task graph with 5 named threads and 23 total threads with 3 sets of task threads.
LogStats: Stats thread started at 0.283023
LogD3D11RHI: Loaded GFSDK_Aftermath_Lib.x64.dll
LogICUInternationalization: Display: ICU TimeZone Detection - Raw Offset: +1:00, Platform Override: ''
LogPluginManager: Mounting plugin Paper2D
LogPluginManager: Mounting plugin AISupport
LogPluginManager: Mounting plugin LightPropagationVolume
LogPluginManager: Mounting plugin CLionSourceCodeAccess
LogPluginManager: Mounting plugin CodeLiteSourceCodeAccess
LogPluginManager: Mounting plugin GitSourceControl
LogPluginManager: Mounting plugin KDevelopSourceCodeAccess
LogPluginManager: Mounting plugin NullSourceCodeAccess
LogPluginManager: Mounting plugin PerforceSourceControl
LogPluginManager: Mounting plugin SubversionSourceControl
LogPluginManager: Mounting plugin UObjectPlugin
LogPluginManager: Mounting plugin VisualStudioCodeSourceCodeAccess
LogPluginManager: Mounting plugin VisualStudioSourceCodeAccess
LogPluginManager: Mounting plugin XCodeSourceCodeAccess
LogPluginManager: Mounting plugin AssetManagerEditor
LogPluginManager: Mounting plugin CryptoKeys
LogPluginManager: Mounting plugin DataValidation
LogPluginManager: Mounting plugin FacialAnimation
LogPluginManager: Mounting plugin GameplayTagsEditor
LogPluginManager: Mounting plugin MacGraphicsSwitching
LogPluginManager: Mounting plugin MeshEditor
LogPluginManager: Mounting plugin MobileLauncherProfileWizard
LogPluginManager: Mounting plugin PluginBrowser
LogPluginManager: Mounting plugin SpeedTreeImporter
LogPluginManager: Mounting plugin DatasmithContent
LogPluginManager: Mounting plugin AlembicImporter
LogPluginManager: Mounting plugin AppleImageUtils
LogPluginManager: Mounting plugin AppleVision
LogPluginManager: Mounting plugin BackChannel
LogPluginManager: Mounting plugin CharacterAI
LogPluginManager: Mounting plugin GeometryCache
LogPluginManager: Mounting plugin HTML5Networking
LogPluginManager: Mounting plugin ProxyLODPlugin
LogPluginManager: Mounting plugin MagicLeap
LogPluginManager: Mounting plugin MagicLeapEmulator
LogPluginManager: Mounting plugin MagicLeapMedia
LogPluginManager: Mounting plugin AndroidMedia
LogPluginManager: Mounting plugin AvfMedia
LogPluginManager: Mounting plugin ImgMedia
LogPluginManager: Mounting plugin LinearTimecode
LogPluginManager: Mounting plugin MediaCompositing
LogPluginManager: Mounting plugin MediaPlayerEditor
LogPluginManager: Mounting plugin WmfMedia
LogPluginManager: Mounting plugin TcpMessaging
LogPluginManager: Mounting plugin UdpMessaging
LogPluginManager: Mounting plugin ActorSequence
LogPluginManager: Mounting plugin LevelSequenceEditor
LogPluginManager: Mounting plugin MatineeToLevelSequence
LogPluginManager: Mounting plugin NetcodeUnitTest
LogPluginManager: Mounting plugin NUTUnrealEngine4
LogPluginManager: Mounting plugin OnlineSubsystemGooglePlay
LogPluginManager: Mounting plugin OnlineSubsystemIOS
LogPluginManager: Mounting plugin OnlineSubsystem
LogPluginManager: Mounting plugin OnlineSubsystemNull
LogPluginManager: Mounting plugin OnlineSubsystemUtils
LogPluginManager: Mounting plugin LauncherChunkInstaller
LogPluginManager: Mounting plugin AndroidDeviceProfileSelector
LogPluginManager: Mounting plugin AndroidMoviePlayer
LogPluginManager: Mounting plugin AndroidPermission
LogPluginManager: Mounting plugin AppleMoviePlayer
LogPluginManager: Mounting plugin ArchVisCharacter
LogPluginManager: Mounting plugin AudioCapture
LogPluginManager: Mounting plugin CableComponent
LogPluginManager: Mounting plugin CustomMeshComponent
LogPluginManager: Mounting plugin EditableMesh
LogPluginManager: Mounting plugin ExampleDeviceProfileSelector
LogPluginManager: Mounting plugin GoogleCloudMessaging
LogPluginManager: Mounting plugin ImmediatePhysics
LogPluginManager: Mounting plugin IOSDeviceProfileSelector
LogPluginManager: Mounting plugin LinuxDeviceProfileSelector
LogPluginManager: Mounting plugin LocationServicesBPLibrary
LogPluginManager: Mounting plugin MobilePatchingUtils
LogPluginManager: Mounting plugin OculusVR
LogPluginManager: Plugin shader directory ../../../Engine/Plugins/Runtime/Oculus/OculusVR/Shaders found
LogPluginManager: Mapping shader source directory ../../../Engine/Plugins/Runtime/Oculus/OculusVR/Shaders to virtual directory /Plugin/OculusVR
LogPluginManager: Mounting plugin PhysXVehicles
LogPluginManager: Mounting plugin ProceduralMeshComponent
LogPluginManager: Mounting plugin RuntimePhysXCooking
LogPluginManager: Mounting plugin SteamVR
LogPluginManager: Mounting plugin WindowsMoviePlayer
LogStreaming: Display: Took  0.132s to configure plugins.
LogInit: Using libcurl 7.55.1-DEV
LogInit:  - built for x86_64-pc-win32
LogInit:  - supports SSL with OpenSSL/1.0.2h
LogInit:  - supports HTTP deflate (compression) using libz 1.2.8
LogInit:  - other features:
LogInit:      CURL_VERSION_SSL
LogInit:      CURL_VERSION_LIBZ
LogInit:      CURL_VERSION_IPV6
LogInit:      CURL_VERSION_ASYNCHDNS
LogInit:      CURL_VERSION_LARGEFILE
LogInit:      CURL_VERSION_IDN
LogInit:  CurlRequestOptions (configurable via config and command line):
LogInit:  - bVerifyPeer = false  - Libcurl will NOT verify peer certificate
LogInit:  - bUseHttpProxy = false  - Libcurl will NOT use HTTP proxy
LogInit:  - bDontReuseConnections = false  - Libcurl will reuse connections
LogInit:  - CertBundlePath = nullptr  - Libcurl will use whatever was configured at build time.
LogInit:  - MaxHostConnections = 16  - Libcurl will limit the number of connections to a host
LogInit:  - LocalHostAddr = Default
LogInit:  - BufferSize = 65536
LogInit: WinSock: version 1.1 (2.2), MaxSocks=32767, MaxUdp=65467
LogInit: Build: ++UE4+Release-4.20-CL-4369336
LogInit: Engine Version: 4.20.3-4369336+++UE4+Release-4.20
LogInit: Compatible Engine Version: 4.20.0-4212847+++UE4+Release-4.20
LogInit: Net CL: 4212847
LogInit: OS: Windows 10 (), CPU: Intel(R) Core(TM) i7-6700K CPU @ 4.00GHz, GPU: NVIDIA GeForce GTX 980
LogInit: Compiled (64-bit): Sep 17 2018 12:26:19
LogInit: Compiled with Visual C++: 19.13.26129.00
LogInit: Build Configuration: Development
LogInit: Branch Name: ++UE4+Release-4.20
LogInit: Command Line: 
LogInit: Base Directory: C:/Program Files/Epic Games/UE_4.20/Engine/Binaries/Win64/
LogInit: Installed Engine Build: 1
LogDevObjectVersion: Number of dev versions registered: 20
LogDevObjectVersion:   Dev-Blueprints (B0D832E4-1F89-4F0D-ACCF-7EB736FD4AA2): 10
LogDevObjectVersion:   Dev-Build (E1C64328-A22C-4D53-A36C-8E866417BD8C): 0
LogDevObjectVersion:   Dev-Core (375EC13C-06E4-48FB-B500-84F0262A717E): 2
LogDevObjectVersion:   Dev-Editor (E4B068ED-F494-42E9-A231-DA0B2E46BB41): 24
LogDevObjectVersion:   Dev-Framework (CFFC743F-43B0-4480-9391-14DF171D2073): 34
LogDevObjectVersion:   Dev-Mobile (B02B49B5-BB20-44E9-A304-32B752E40360): 2
LogDevObjectVersion:   Dev-Networking (A4E4105C-59A1-49B5-A7C5-40C4547EDFEE): 0
LogDevObjectVersion:   Dev-Online (39C831C9-5AE6-47DC-9A44-9C173E1C8E7C): 0
LogDevObjectVersion:   Dev-Physics (78F01B33-EBEA-4F98-B9B4-84EACCB95AA2): 0
LogDevObjectVersion:   Dev-Platform (6631380F-2D4D-43E0-8009-CF276956A95A): 0
LogDevObjectVersion:   Dev-Rendering (12F88B9F-8875-4AFC-A67C-D90C383ABD29): 26
LogDevObjectVersion:   Dev-Sequencer (7B5AE74C-D270-4C10-A958-57980B212A5A): 9
LogDevObjectVersion:   Dev-VR (D7296918-1DD6-4BDD-9DE2-64A83CC13884): 2
LogDevObjectVersion:   Dev-LoadTimes (C2A15278-BFE7-4AFE-6C17-90FF531DF755): 1
LogDevObjectVersion:   Private-Geometry (6EACA3D4-40EC-4CC1-B786-8BED09428FC5): 3
LogDevObjectVersion:   Dev-AnimPhys (29E575DD-E0A3-4627-9D10-D276232CDCEA): 17
LogDevObjectVersion:   Dev-ReflectionCapture (6B266CEC-1EC7-4B8F-A30B-E4D90942FC07): 1
LogDevObjectVersion:   Dev-Automation (0DF73D61-A23F-47EA-B727-89E90C41499A): 1
LogDevObjectVersion:   FortniteMain (601D1886-AC64-4F84-AA16-D3DE0DEAC7D6): 12
LogDevObjectVersion:   Dev-Enterprise (9DFFBCD6-494F-0158-E221-12823C92A888): 1
LogStreaming: Display: Took  0.000s to delete old logs.
LogInit: Presizing for max 8388607 objects, including 0 objects not considered by GC, pre-allocating 0 bytes for permanent pool.
LogInit: Object subsystem initialized
[2018.12.11-14.20.57:982][  0]LogInit: Selected Device Profile: [Windows]
[2018.12.11-14.20.57:982][  0]LogInit: Applying CVar settings loaded from the selected device profile: [Windows]
[2018.12.11-14.20.58:013][  0]LogHAL: Display: Platform has ~ 32 GB [34264768512 / 34359738368 / 32], which maps to Largest [LargestMinGB=32, LargerMinGB=12, DefaultMinGB=8, SmallerMinGB=6, SmallestMinGB=0)
[2018.12.11-14.20.58:013][  0]LogInit: Setting Device Profile CVar: [[r.Vulkan.UseRealUBs:1]]
[2018.12.11-14.20.58:013][  0]LogInit: Going up to parent DeviceProfile []
[2018.12.11-14.20.58:013][  0]LogInit: Computer: DESKTOP-3O48EON
[2018.12.11-14.20.58:013][  0]LogInit: User: Symulator3D
[2018.12.11-14.20.58:013][  0]LogInit: CPU Page size=4096, Cores=4
[2018.12.11-14.20.58:013][  0]LogInit: High frequency timer resolution =3.914057 MHz
[2018.12.11-14.20.58:014][  0]LogMemory: Memory total: Physical=31.9GB (32GB approx)
[2018.12.11-14.20.58:014][  0]LogMemory: Platform Memory Stats for Windows
[2018.12.11-14.20.58:014][  0]LogMemory: Process Physical Memory: 99.62 MB used, 99.62 MB peak
[2018.12.11-14.20.58:014][  0]LogMemory: Process Virtual Memory: 90.89 MB used, 90.89 MB peak
[2018.12.11-14.20.58:014][  0]LogMemory: Physical Memory: 6114.86 MB used,  26562.57 MB free, 32677.43 MB total
[2018.12.11-14.20.58:014][  0]LogMemory: Virtual Memory: 4630.64 MB used,  26562.57 MB free, 134217728.00 MB total
[2018.12.11-14.20.58:040][  0]LogInit: Using OS detected language (pl-PL).
[2018.12.11-14.20.58:040][  0]LogInit: Using OS detected locale (pl-PL).
[2018.12.11-14.20.58:042][  0]LogTextLocalizationManager: No specific localization for 'pl-PL' exists, so the 'pl' localization will be used.
[2018.12.11-14.20.58:045][  0]LogStreaming: Display: Took  0.004s to InitEngineTextLocalization.
[2018.12.11-14.20.58:045][  0]LogInit: Setting process to per monitor DPI aware
[2018.12.11-14.20.58:085][  0]LogSlate: New Slate User Created.  User Index 0, Is Virtual User: 0
[2018.12.11-14.20.58:085][  0]LogSlate: Slate User Registered.  User Index 0, Is Virtual User: 0
[2018.12.11-14.20.58:310][  0]LogHMD: Failed to initialize OpenVR with code 110
[2018.12.11-14.20.58:310][  0]LogD3D11RHI: D3D11 adapters:
[2018.12.11-14.20.58:354][  0]LogD3D11RHI:    0. 'NVIDIA GeForce GTX 980' (Feature Level 11_0)
[2018.12.11-14.20.58:354][  0]LogD3D11RHI:       4053/0/16338 MB DedicatedVideo/DedicatedSystem/SharedSystem, Outputs:2, VendorId:0x10de
[2018.12.11-14.20.58:357][  0]LogD3D11RHI:    1. 'Microsoft Basic Render Driver' (Feature Level 11_0)
[2018.12.11-14.20.58:357][  0]LogD3D11RHI:       0/0/16338 MB DedicatedVideo/DedicatedSystem/SharedSystem, Outputs:0, VendorId:0x1414
[2018.12.11-14.20.58:357][  0]LogD3D11RHI: Chosen D3D11 Adapter: 0
[2018.12.11-14.20.58:378][  0]LogD3D11RHI: Creating new Direct3DDevice
[2018.12.11-14.20.58:378][  0]LogD3D11RHI:     GPU DeviceId: 0x13c0 (for the marketing name, search the web for "GPU Device Id")
[2018.12.11-14.20.58:378][  0]LogWindows: EnumDisplayDevices:
[2018.12.11-14.20.58:378][  0]LogWindows:    0. 'NVIDIA GeForce GTX 980' (P:1 D:1)
[2018.12.11-14.20.58:379][  0]LogWindows:    1. 'NVIDIA GeForce GTX 980' (P:0 D:1)
[2018.12.11-14.20.58:379][  0]LogWindows:    2. 'NVIDIA GeForce GTX 980' (P:0 D:0)
[2018.12.11-14.20.58:379][  0]LogWindows:    3. 'NVIDIA GeForce GTX 980' (P:0 D:0)
[2018.12.11-14.20.58:380][  0]LogWindows: DebugString: FoundDriverCount:4 
[2018.12.11-14.20.58:380][  0]LogD3D11RHI:     Adapter Name: NVIDIA GeForce GTX 980
[2018.12.11-14.20.58:380][  0]LogD3D11RHI:   Driver Version: 411.63 (internal:24.21.14.1163, unified:411.63)
[2018.12.11-14.20.58:380][  0]LogD3D11RHI:      Driver Date: 9-18-2018
[2018.12.11-14.20.58:380][  0]LogRHI: Texture pool is 2837 MB (70% of 4053 MB)
[2018.12.11-14.20.58:417][  0]LogD3D11RHI: Async texture creation enabled
[2018.12.11-14.20.58:436][  0]LogD3D11RHI: GPU Timing Frequency: 1000.000000 (Debug: 2 2)
[2018.12.11-14.20.58:529][  0]LogShaderCompilers: Guid format shader working directory is -25 characters bigger than the processId version (../../../../../../Repozytorium/C/Unreal-Engine-4/Study/Poradniki/SurvivalGame/Intermediate/Shaders/WorkingDirectory/11608/).
[2018.12.11-14.20.58:529][  0]LogShaderCompilers: Cleaned the shader compiler working directory 'C:/Users/Symulator 3D/AppData/Local/Temp/UnrealShaderWorkingDir/126D93AA48060809F7F39D8A7341D9A6/'.
[2018.12.11-14.20.58:813][  0]LogTemp: Display: Loaded TP AllDesktopTargetPlatform
[2018.12.11-14.20.58:826][  0]LogTemp: Display: Loaded TP MacClientTargetPlatform
[2018.12.11-14.20.58:839][  0]LogTemp: Display: Loaded TP MacNoEditorTargetPlatform
[2018.12.11-14.20.58:853][  0]LogTemp: Display: Loaded TP MacServerTargetPlatform
[2018.12.11-14.20.58:865][  0]LogTemp: Display: Loaded TP MacTargetPlatform
[2018.12.11-14.20.58:878][  0]LogTemp: Display: Loaded TP WindowsClientTargetPlatform
[2018.12.11-14.20.58:892][  0]LogTemp: Display: Loaded TP WindowsNoEditorTargetPlatform
[2018.12.11-14.20.58:905][  0]LogTemp: Display: Loaded TP WindowsServerTargetPlatform
[2018.12.11-14.20.58:912][  0]LogTemp: Display: Loaded TP WindowsTargetPlatform
[2018.12.11-14.20.58:986][  0]LogTemp: Display: Loaded TP AndroidTargetPlatform
[2018.12.11-14.20.58:986][  0]LogTemp: Display: Loaded TP AndroidTargetPlatform
[2018.12.11-14.20.58:986][  0]LogTemp: Display: Loaded TP AndroidTargetPlatform
[2018.12.11-14.20.58:986][  0]LogTemp: Display: Loaded TP AndroidTargetPlatform
[2018.12.11-14.20.58:986][  0]LogTemp: Display: Loaded TP AndroidTargetPlatform
[2018.12.11-14.20.58:986][  0]LogTemp: Display: Loaded TP AndroidTargetPlatform
[2018.12.11-14.20.58:986][  0]LogTemp: Display: Loaded TP AndroidTargetPlatform
[2018.12.11-14.20.58:986][  0]LogTemp: Display: Loaded TP AndroidTargetPlatform
[2018.12.11-14.20.58:986][  0]LogTemp: Display: Loaded TP AndroidTargetPlatform
[2018.12.11-14.20.58:986][  0]LogTemp: Display: Loaded TP AndroidTargetPlatform
[2018.12.11-14.20.58:986][  0]LogTemp: Display: Loaded TP AndroidTargetPlatform
[2018.12.11-14.20.58:986][  0]LogTemp: Display: Loaded TP AndroidTargetPlatform
[2018.12.11-14.20.58:986][  0]LogTemp: Display: Loaded TP AndroidTargetPlatform
[2018.12.11-14.20.58:986][  0]LogTemp: Display: Loaded TP AndroidTargetPlatform
[2018.12.11-14.20.58:986][  0]LogTemp: Display: Loaded TP AndroidTargetPlatform
[2018.12.11-14.20.58:986][  0]LogTemp: Display: Loaded TP AndroidTargetPlatform
[2018.12.11-14.20.58:986][  0]LogTemp: Display: Loaded TP AndroidTargetPlatform
[2018.12.11-14.20.58:986][  0]LogTemp: Display: Loaded TP AndroidTargetPlatform
[2018.12.11-14.20.58:987][  0]LogTemp: Display: Loaded TP HTML5TargetPlatform
[2018.12.11-14.20.59:043][  0]LogTemp: Display: Loaded TP IOSTargetPlatform
[2018.12.11-14.20.59:043][  0]LogTemp: Display: Loaded TP IOSTargetPlatform
[2018.12.11-14.20.59:063][  0]LogTemp: Display: Loaded TP TVOSTargetPlatform
[2018.12.11-14.20.59:063][  0]LogTemp: Display: Loaded TP TVOSTargetPlatform
[2018.12.11-14.20.59:074][  0]LogTemp: Display: Loaded TP LinuxClientTargetPlatform
[2018.12.11-14.20.59:085][  0]LogTemp: Display: Loaded TP LinuxNoEditorTargetPlatform
[2018.12.11-14.20.59:096][  0]LogTemp: Display: Loaded TP LinuxServerTargetPlatform
[2018.12.11-14.20.59:108][  0]LogTemp: Display: Loaded TP LinuxTargetPlatform
[2018.12.11-14.20.59:116][  0]LogTemp: Display: Loaded TP LuminTargetPlatform
[2018.12.11-14.20.59:116][  0]LogTargetPlatformManager: Display: Building Assets For Windows
[2018.12.11-14.20.59:179][  0]LogXGEController: Cannot use XGE Controller as Incredibuild is not installed on this machine.
[2018.12.11-14.20.59:179][  0]LogShaderCompilers: Cannot use XGE Shader Compiler as Incredibuild is not installed on this machine.
[2018.12.11-14.20.59:179][  0]LogShaderCompilers: Display: Using Local Shader Compiler.
[2018.12.11-14.20.59:826][  0]LogDerivedDataCache: Display: Max Cache Size: 512 MB
[2018.12.11-14.20.59:874][  0]LogDerivedDataCache: Loaded boot cache 0.05s 71MB C:/Users/Symulator 3D/AppData/Local/UnrealEngine/4.20/DerivedDataCache/Boot.ddc.
[2018.12.11-14.20.59:875][  0]LogDerivedDataCache: Display: Loaded Boot cache: C:/Users/Symulator 3D/AppData/Local/UnrealEngine/4.20/DerivedDataCache/Boot.ddc
[2018.12.11-14.20.59:875][  0]LogDerivedDataCache: FDerivedDataBackendGraph:  Pak pak cache file ../../../../../../Repozytorium/C/Unreal-Engine-4/Study/Poradniki/SurvivalGame/DerivedDataCache/DDC.ddp not found, will not use a pak cache.
[2018.12.11-14.20.59:875][  0]LogDerivedDataCache: Unable to find inner node Pak for hierarchical cache Hierarchy.
[2018.12.11-14.20.59:875][  0]LogDerivedDataCache: FDerivedDataBackendGraph:  CompressedPak pak cache file ../../../../../../Repozytorium/C/Unreal-Engine-4/Study/Poradniki/SurvivalGame/DerivedDataCache/Compressed.ddp not found, will not use a pak cache.
[2018.12.11-14.20.59:875][  0]LogDerivedDataCache: Unable to find inner node CompressedPak for hierarchical cache Hierarchy.
[2018.12.11-14.20.59:885][  0]LogDerivedDataCache: Display: Pak cache opened for reading ../../../Engine/DerivedDataCache/Compressed.ddp.
[2018.12.11-14.20.59:898][  0]LogDerivedDataCache: Using Local data cache path C:/Users/Symulator 3D/AppData/Local/UnrealEngine/Common/DerivedDataCache: Writable
[2018.12.11-14.20.59:898][  0]LogDerivedDataCache: Shared data cache path not found in *engine.ini, will not use an Shared cache.
[2018.12.11-14.20.59:898][  0]LogDerivedDataCache: Unable to find inner node Shared for hierarchical cache Hierarchy.
[2018.12.11-14.20.59:913][  0]LogMaterial: Verifying Global Shaders for PCD3D_SM5
[2018.12.11-14.20.59:914][  0]LogSlate: Using FreeType 2.6.0
[2018.12.11-14.20.59:915][  0]LogSlate: SlateFontServices - WITH_FREETYPE: 1, WITH_HARFBUZZ: 1
[2018.12.11-14.20.59:992][  0]LogAssetRegistry: FAssetRegistry took 0.0263 seconds to start up
[2018.12.11-14.21.00:259][  0]LogInit: Selected Device Profile: [Windows]
[2018.12.11-14.21.00:371][  0]LogSimplygon: Simplygon DLL not present - disabling.
[2018.12.11-14.21.00:375][  0]LogMeshReduction: Using SimplygonSwarm for distributed automatic mesh merging
[2018.12.11-14.21.00:375][  0]LogMeshReduction: Using ProxyLODMeshReduction for automatic mesh merging
[2018.12.11-14.21.00:375][  0]LogMeshReduction: Using QuadricMeshReduction for automatic static mesh reduction
[2018.12.11-14.21.00:375][  0]LogMeshReduction: No automatic skeletal mesh reduction module available
[2018.12.11-14.21.00:393][  0]LogNetVersion: SurvivalGame 1.0.0, NetCL: 4212847, EngineNetVer: 5, GameNetVer: 0 (Checksum: 37723340)
[2018.12.11-14.21.00:829][  0]LogPackageLocalizationCache: Processed 11 localized package path(s) for 2 prioritized culture(s) in 0.096001 seconds
[2018.12.11-14.21.00:833][  0]LogUObjectArray: 38425 objects as part of root set at end of initial load.
[2018.12.11-14.21.00:833][  0]LogUObjectAllocator: 6690864 out of 0 bytes used by permanent object pool.
[2018.12.11-14.21.00:833][  0]LogUObjectArray: CloseDisregardForGC: 0/0 objects in disregard for GC pool
[2018.12.11-14.21.01:704][  0]LogTcpMessaging: Initializing TcpMessaging bridge
[2018.12.11-14.21.01:716][  0]LogUdpMessaging: Initializing bridge on interface 0.0.0.0:0 to multicast group 230.0.0.1:6666.
[2018.12.11-14.21.01:881][  0]SourceControl: Source control is disabled
[2018.12.11-14.21.01:881][  0]SourceControl: Source control is disabled
[2018.12.11-14.21.01:882][  0]SourceControl: Source control is disabled
[2018.12.11-14.21.01:883][  0]SourceControl: Source control is disabled
[2018.12.11-14.21.02:063][  0]LogAndroidPermission: UAndroidPermissionCallbackProxy::GetInstance
[2018.12.11-14.21.02:188][  0]LogOcInput: OculusInput pre-init called
[2018.12.11-14.21.02:261][  0]LogEngine: Initializing Engine...
[2018.12.11-14.21.02:262][  0]LogHMD: Failed to initialize OpenVR with code 110
[2018.12.11-14.21.02:263][  0]LogStats: UGameplayTagsManager::ConstructGameplayTagTree: ImportINI prefixes -  0.000 s
[2018.12.11-14.21.02:263][  0]LogStats: UGameplayTagsManager::ConstructGameplayTagTree: Construct from data asset -  0.000 s
[2018.12.11-14.21.02:263][  0]LogStats: UGameplayTagsManager::ConstructGameplayTagTree: ImportINI -  0.000 s
[2018.12.11-14.21.02:263][  0]LogStats: UGameplayTagsManager::ConstructGameplayTagTree: GameplayTagTreeChangedEvent.Broadcast -  0.000 s
[2018.12.11-14.21.02:446][  0]LogInit: Initializing FReadOnlyCVARCache
[2018.12.11-14.21.02:459][  0]LogAIModule: Creating AISystem for world Untitled
[2018.12.11-14.21.02:513][  0]LogInit: XAudio2 using 'Głośniki (Realtek High Definition Audio)' : 2 channels at 48 kHz using 32 bits per sample (channel mask 0x3)
[2018.12.11-14.21.02:539][  0]LogInit: FAudioDevice initialized.
[2018.12.11-14.21.02:539][  0]LogNetVersion: Set ProjectVersion to 1.0.0.0. Version Checksum will be recalculated on next use.
[2018.12.11-14.21.02:609][  0]LogDerivedDataCache: Saved boot cache 0.07s 71MB C:/Users/Symulator 3D/AppData/Local/UnrealEngine/4.20/DerivedDataCache/Boot.ddc.
[2018.12.11-14.21.02:616][  0]LogInit: Texture streaming: Enabled
[2018.12.11-14.21.02:637][  0]LogEngineSessionManager: EngineSessionManager initialized
[2018.12.11-14.21.02:654][  0]LogInit: Transaction tracking system initialized
[2018.12.11-14.21.02:678][  0]BlueprintLog: New page: Editor Load
[2018.12.11-14.21.02:760][  0]LocalizationService: Localization service is disabled
[2018.12.11-14.21.03:006][  0]LogCook: Display: Max memory allowance for cook 16384mb min free memory 0mb
[2018.12.11-14.21.03:006][  0]LogCook: Display: Mobile HDR setting 1
[2018.12.11-14.21.03:006][  0]LogGameplayTags: Display: UGameplayTagsManager::DoneAddingNativeTags. DelegateIsBound: 0
[2018.12.11-14.21.03:006][  0]LogStats: UGameplayTagsManager::ConstructGameplayTagTree: ImportINI prefixes -  0.000 s
[2018.12.11-14.21.03:006][  0]LogStats: UGameplayTagsManager::ConstructGameplayTagTree: Construct from data asset -  0.000 s
[2018.12.11-14.21.03:006][  0]LogStats: UGameplayTagsManager::ConstructGameplayTagTree: ImportINI -  0.000 s
[2018.12.11-14.21.03:006][  0]LogStats: UGameplayTagsManager::ConstructGameplayTagTree: GameplayTagTreeChangedEvent.Broadcast -  0.000 s
[2018.12.11-14.21.03:131][  0]LogFileCache: Scanning file cache for directory 'C:/Repozytorium/C/Unreal-Engine-4/Study/Poradniki/SurvivalGame/Content/' took 0.01s
[2018.12.11-14.21.03:131][  0]SourceControl: Source control is disabled
[2018.12.11-14.21.03:131][  0]Cmd: MAP LOAD FILE="../../../../../../Repozytorium/C/Unreal-Engine-4/Study/Poradniki/SurvivalGame/Content/Maps/SurvivalMap.umap" TEMPLATE=0 SHOWPROGRESS=1 FEATURELEVEL=3
[2018.12.11-14.21.03:132][  0]LightingResults: New page: Lighting Build
[2018.12.11-14.21.03:135][  0]MapCheck: New page: Map Check
[2018.12.11-14.21.03:135][  0]LightingResults: New page: Lighting Build
[2018.12.11-14.21.03:333][  0]LogAIModule: Creating AISystem for world SurvivalMap
[2018.12.11-14.21.03:337][  0]LogEditorServer: Finished looking for orphan Actors (0.000 secs)
[2018.12.11-14.21.03:358][  0]Cmd: MAP CHECKDEP NOCLEARLOG
[2018.12.11-14.21.03:432][  0]MapCheck: Map check complete: 0 Error(s), 0 Warning(s), took 73,778ms to complete.
[2018.12.11-14.21.03:432][  0]LogFileHelpers: Loading map 'SurvivalMap' took 0.300
[2018.12.11-14.21.03:581][  0]LogSlate: Updating window title bar state: overlay mode, drag disabled, window buttons hidden, title bar hidden
[2018.12.11-14.21.03:587][  0]LogSlate: Updating window title bar state: overlay mode, drag disabled, window buttons hidden, title bar hidden
[2018.12.11-14.21.03:593][  0]LogSlate: Updating window title bar state: overlay mode, drag disabled, window buttons hidden, title bar hidden
[2018.12.11-14.21.03:598][  0]LogSlate: Updating window title bar state: overlay mode, drag disabled, window buttons hidden, title bar hidden
[2018.12.11-14.21.03:609][  0]LogCollectionManager: Loaded 0 collections in 0.002154 seconds
[2018.12.11-14.21.03:663][  0]LogFileCache: Scanning file cache for directory 'C:/Repozytorium/C/Unreal-Engine-4/Study/Poradniki/SurvivalGame/Saved/Collections/' took 0.01s
[2018.12.11-14.21.03:663][  0]LogFileCache: Scanning file cache for directory 'C:/Repozytorium/C/Unreal-Engine-4/Study/Poradniki/SurvivalGame/Content/Developers/Symulator3D/Collections/' took 0.01s
[2018.12.11-14.21.03:664][  0]LogFileCache: Scanning file cache for directory 'C:/Repozytorium/C/Unreal-Engine-4/Study/Poradniki/SurvivalGame/Content/Collections/' took 0.01s
[2018.12.11-14.21.03:664][  0]LogCollectionManager: Rebuilt the GUID cache for 0 collections in 0.000001 seconds
[2018.12.11-14.21.03:673][  0]LogContentBrowser: Native class hierarchy populated in 0.0086 seconds. Added 2572 classes and 603 folders.
[2018.12.11-14.21.03:685][  0]LogContentBrowser: Native class hierarchy updated for 'WidgetCarousel' in 0.0003 seconds. Added 0 classes and 0 folders.
[2018.12.11-14.21.03:788][  0]LogContentBrowser: Native class hierarchy updated for 'AddContentDialog' in 0.0002 seconds. Added 0 classes and 0 folders.
[2018.12.11-14.21.03:800][  0]LogContentBrowser: Native class hierarchy updated for 'SceneOutliner' in 0.0002 seconds. Added 1 classes and 2 folders.
[2018.12.11-14.21.03:981][  0]LogContentBrowser: Native class hierarchy updated for 'HierarchicalLODOutliner' in 0.0002 seconds. Added 0 classes and 0 folders.
[2018.12.11-14.21.03:981][  0]LogLoad: (Engine Initialization) Total time: 8.16 seconds
[2018.12.11-14.21.03:981][  0]LogLoad: (Engine Initialization) Total Blueprint compile time: 0.00 seconds
[2018.12.11-14.21.03:991][  0]LogWindowsTextInputMethodSystem: Display: IME system now deactivated.
[2018.12.11-14.21.04:015][  0]LogContentStreaming: Texture pool size now 1000 MB
[2018.12.11-14.21.04:040][  0]LogSlate: Took 0.000394 seconds to synchronously load lazily loaded font '../../../Engine/Content/Slate/Fonts/Roboto-Regular.ttf' (155K)
[2018.12.11-14.21.04:042][  0]LogSlate: Took 0.000207 seconds to synchronously load lazily loaded font '../../../Engine/Content/Slate/Fonts/Roboto-Bold.ttf' (160K)
[2018.12.11-14.21.04:047][  0]LogSlate: Took 0.001070 seconds to synchronously load lazily loaded font '../../../Engine/Content/Editor/Slate/Fonts/FontAwesome.ttf' (139K)
[2018.12.11-14.21.04:143][  0]LogRenderer: Reallocating scene render targets to support 804x360 Format 10 NumSamples 1 (Frame:1).
[2018.12.11-14.21.04:182][  0]LogSlate: Took 0.001304 seconds to synchronously load lazily loaded font '../../../Engine/Content/Slate/Fonts/Roboto-Light.ttf' (167K)
[2018.12.11-14.21.04:218][  1]LogAssetRegistry: Asset discovery search completed in 4.2485 seconds
[2018.12.11-14.21.04:221][  1]LogCollectionManager: Rebuilt the object cache for 0 collections in 0.000001 seconds (found 0 objects)
[2018.12.11-14.21.04:221][  1]LogCollectionManager: Fixed up redirectors for 0 collections in 0.000120 seconds (updated 0 objects)
[2018.12.11-14.21.05:091][ 88]LogSlate: Took 0.000404 seconds to synchronously load lazily loaded font '../../../Engine/Content/Slate/Fonts/Roboto-Light.ttf' (167K)
[2018.12.11-14.21.06:249][213]LogSlate: FSceneViewport::OnFocusLost() reason 0
[2018.12.11-14.21.06:377][224]LogRenderer: Reallocating scene render targets to support 1208x576 Format 10 NumSamples 1 (Frame:4).
[2018.12.11-14.21.07:294][318]LogTemp: Repeating last play command: Selected Viewport
[2018.12.11-14.21.07:304][318]LogPlayLevel: PlayLevel: No blueprints needed recompiling
[2018.12.11-14.21.07:317][318]PIE: New page: PIE session: SurvivalMap (11 gru 2018, 16:21:07)
[2018.12.11-14.21.07:317][318]LogPlayLevel: Creating play world package: /Game/Maps/UEDPIE_0_SurvivalMap
[2018.12.11-14.21.07:321][318]LogPlayLevel: PIE: StaticDuplicateObject took: (0.003598s)
[2018.12.11-14.21.07:322][318]LogAIModule: Creating AISystem for world SurvivalMap
[2018.12.11-14.21.07:322][318]LogPlayLevel: PIE: World Init took: (0.000627s)
[2018.12.11-14.21.07:322][318]LogPlayLevel: PIE: Created PIE world by copying editor world from /Game/Maps/SurvivalMap.SurvivalMap to /Game/Maps/UEDPIE_0_SurvivalMap.SurvivalMap (0.004357s)
[2018.12.11-14.21.07:385][318]LogInit: XAudio2 using 'Głośniki (Realtek High Definition Audio)' : 2 channels at 48 kHz using 32 bits per sample (channel mask 0x3)
[2018.12.11-14.21.07:404][318]LogInit: FAudioDevice initialized.
[2018.12.11-14.21.07:451][318]LogLoad: Game class is 'SurvivalGameMod_C'
[2018.12.11-14.21.07:454][318]LogWorld: Bringing World /Game/Maps/UEDPIE_0_SurvivalMap.SurvivalMap up for play (max tick rate 0) at 2018.12.11-15.21.07
[2018.12.11-14.21.07:454][318]LogWorld: Bringing up level for play took: 0.000729
[2018.12.11-14.21.07:474][318]LogContentBrowser: Native class hierarchy updated for 'MovieSceneCapture' in 0.0002 seconds. Added 10 classes and 0 folders.
[2018.12.11-14.21.07:477][318]PIE: Play in editor start time for /Game/Maps/UEDPIE_0_SurvivalMap 0,244
[2018.12.11-14.21.13:576][978]LogSlate: Updating window title bar state: overlay mode, drag disabled, window buttons hidden, title bar hidden
[2018.12.11-14.21.13:610][978]LogPlayLevel: Display: Shutting down PIE online subsystems
[2018.12.11-14.21.13:628][978]LogSlate: Updating window title bar state: overlay mode, drag disabled, window buttons hidden, title bar hidden
[2018.12.11-14.21.13:678][982]LogPlayLevel: Display: Destroying online subsystem :Context_1
[2018.12.11-14.21.13:994][ 20]Cmd: SELECT NONE
[2018.12.11-14.21.14:656][ 87]LogSlate: FSceneViewport::OnFocusLost() reason 0
[2018.12.11-14.23.44:397][ 70]LogTemp: Repeating last play command: Selected Viewport
[2018.12.11-14.23.44:406][ 70]LogPlayLevel: PlayLevel: No blueprints needed recompiling
[2018.12.11-14.23.44:407][ 70]PIE: New page: PIE session: SurvivalMap (11 gru 2018, 16:23:44)
[2018.12.11-14.23.44:407][ 70]LogPlayLevel: Creating play world package: /Game/Maps/UEDPIE_0_SurvivalMap
[2018.12.11-14.23.44:408][ 70]LogPlayLevel: PIE: StaticDuplicateObject took: (0.001839s)
[2018.12.11-14.23.44:409][ 70]LogAIModule: Creating AISystem for world SurvivalMap
[2018.12.11-14.23.44:409][ 70]LogPlayLevel: PIE: World Init took: (0.000695s)
[2018.12.11-14.23.44:409][ 70]LogPlayLevel: PIE: Created PIE world by copying editor world from /Game/Maps/SurvivalMap.SurvivalMap to /Game/Maps/UEDPIE_0_SurvivalMap.SurvivalMap (0.002660s)
[2018.12.11-14.23.44:471][ 70]LogInit: XAudio2 using 'Głośniki (Realtek High Definition Audio)' : 2 channels at 48 kHz using 32 bits per sample (channel mask 0x3)
[2018.12.11-14.23.44:489][ 70]LogInit: FAudioDevice initialized.
[2018.12.11-14.23.44:520][ 70]LogLoad: Game class is 'SurvivalGameMod_C'
[2018.12.11-14.23.44:521][ 70]LogWorld: Bringing World /Game/Maps/UEDPIE_0_SurvivalMap.SurvivalMap up for play (max tick rate 0) at 2018.12.11-15.23.44
[2018.12.11-14.23.44:521][ 70]LogWorld: Bringing up level for play took: 0.000402
[2018.12.11-14.23.44:534][ 70]PIE: Play in editor start time for /Game/Maps/UEDPIE_0_SurvivalMap -0,699
[2018.12.11-14.24.10:732][943]LogSlate: Updating window title bar state: overlay mode, drag disabled, window buttons hidden, title bar hidden
[2018.12.11-14.24.10:761][943]LogPlayLevel: Display: Shutting down PIE online subsystems
[2018.12.11-14.24.10:785][943]LogSlate: Updating window title bar state: overlay mode, drag disabled, window buttons hidden, title bar hidden
[2018.12.11-14.24.10:816][945]LogPlayLevel: Display: Destroying online subsystem :Context_2
[2018.12.11-14.31.45:386][699]LogSlate: FSceneViewport::OnFocusLost() reason 0
[2018.12.11-14.37.22:938][260]LogAssetEditorManager: Opening Asset editor for Blueprint /Game/Blueprints/SurvivalGameCharacter.SurvivalGameCharacter
[2018.12.11-14.37.23:348][260]LogContentBrowser: Native class hierarchy updated for 'BlueprintGraph' in 0.0005 seconds. Added 116 classes and 0 folders.
[2018.12.11-14.37.23:999][260]LogSlate: Took 0.001291 seconds to synchronously load lazily loaded font '../../../Engine/Content/Slate/Fonts/Roboto-BoldCondensed.ttf' (158K)
[2018.12.11-14.37.24:066][261]LogSlate: Took 0.001464 seconds to synchronously load lazily loaded font '../../../Engine/Content/Slate/Fonts/Roboto-Italic.ttf' (157K)
[2018.12.11-14.38.30:706][566]LogFileHelpers: Editor autosave (incl. sublevels) for '/Game/Maps/SurvivalMap' took 0.058
[2018.12.11-14.38.30:728][566]OBJ SavePackage: Generating thumbnails for [0] asset(s) in package [/Game/Blueprints/SurvivalGameCharacter] ([1] browsable assets)...
[2018.12.11-14.38.30:728][566]OBJ SavePackage: Finished generating thumbnails for package [/Game/Blueprints/SurvivalGameCharacter]
[2018.12.11-14.38.30:747][566]LogSavePackage: Moving '../../../../../../Repozytorium/C/Unreal-Engine-4/Study/Poradniki/SurvivalGame/Saved/SurvivalGameCharacter_Auto122215EDB469CD08F273C859B3C176269.tmp' to '../../../../../../Repozytorium/C/Unreal-Engine-4/Study/Poradniki/SurvivalGame/Saved/Autosaves/Game/Blueprints/SurvivalGameCharacter_Auto1.uasset'
[2018.12.11-14.38.30:749][566]LogFileHelpers: Auto-saving content packages took 0.023
[2018.12.11-14.39.21:602][460]LogEditorTransaction: Undo Create Reroute Node
[2018.12.11-14.39.22:068][493]LogEditorTransaction: Undo Rename Node
[2018.12.11-14.39.57:610][149]LogSelectionDetails: Warning: NavigateToFunctionSource:  Unable to find symbols for 'APawn::GetControlRotation' [Nie można odnaleźć elementu.]
[2018.12.11-14.40.12:792][ 13]LogEditorTransaction: Undo Create Pin Link
[2018.12.11-14.40.13:177][ 51]LogEditorTransaction: Undo Create Pin Link
[2018.12.11-14.40.13:928][117]LogEditorTransaction: Undo Create Reroute Node
[2018.12.11-14.40.16:964][394]LogSelectionDetails: Warning: NavigateToFunctionSource:  Unable to find symbols for 'APawn::GetControlRotation' [Nie można odnaleźć elementu.]
[2018.12.11-14.40.49:543][818]LogEditorTransaction: Undo Create Pin Link
[2018.12.11-14.40.50:734][911]LogEditorTransaction: Undo Create Pin Link
[2018.12.11-14.40.51:256][967]LogEditorTransaction: Undo Create Reroute Node
[2018.12.11-14.40.54:622][300]LogSelectionDetails: Warning: NavigateToFunctionSource:  Unable to find symbols for 'APawn::GetControlRotation' [Nie można odnaleźć elementu.]
[2018.12.11-14.42.05:500][974]BlueprintLog: New page: Compile SurvivalGameCharacter
[2018.12.11-14.42.05:919][  2]BlueprintLog: New page: Compile SurvivalGameCharacter
[2018.12.11-14.42.06:474][ 44]LogSavePackage: Moving '../../../../../../Repozytorium/C/Unreal-Engine-4/Study/Poradniki/SurvivalGame/Saved/SurvivalGameCharacter48CB9AAE4327D4EE4300299284D3BCB8.tmp' to '../../../../../../Repozytorium/C/Unreal-Engine-4/Study/Poradniki/SurvivalGame/Content/Blueprints/SurvivalGameCharacter.uasset'
[2018.12.11-14.44.19:109][895]BlueprintLog: New page: Compile SurvivalGameCharacter
[2018.12.11-14.44.48:810][ 46]LogSavePackage: Moving '../../../../../../Repozytorium/C/Unreal-Engine-4/Study/Poradniki/SurvivalGame/Saved/SurvivalGameCharacter9E926B814A131D69D047F59386B8E067.tmp' to '../../../../../../Repozytorium/C/Unreal-Engine-4/Study/Poradniki/SurvivalGame/Content/Blueprints/SurvivalGameCharacter.uasset'
[2018.12.11-14.44.59:212][876]BlueprintLog: New page: Compile SurvivalGameCharacter
[2018.12.11-14.44.59:855][920]LogSavePackage: Moving '../../../../../../Repozytorium/C/Unreal-Engine-4/Study/Poradniki/SurvivalGame/Saved/SurvivalGameCharacter32B8B15A4B96E09479C56BA5CF453C97.tmp' to '../../../../../../Repozytorium/C/Unreal-Engine-4/Study/Poradniki/SurvivalGame/Content/Blueprints/SurvivalGameCharacter.uasset'
[2018.12.11-14.45.15:965][469]LogSlate: FSceneViewport::OnFocusLost() reason 0
[2018.12.11-14.45.17:149][595]LogTemp: Repeating last play command: Selected Viewport
[2018.12.11-14.45.17:160][595]LogPlayLevel: PlayLevel: No blueprints needed recompiling
[2018.12.11-14.45.17:160][595]PIE: New page: PIE session: SurvivalMap (11 gru 2018, 16:45:17)
[2018.12.11-14.45.17:160][595]LogPlayLevel: Creating play world package: /Game/Maps/UEDPIE_0_SurvivalMap
[2018.12.11-14.45.17:161][595]LogPlayLevel: PIE: StaticDuplicateObject took: (0.001574s)
[2018.12.11-14.45.17:162][595]LogAIModule: Creating AISystem for world SurvivalMap
[2018.12.11-14.45.17:162][595]LogPlayLevel: PIE: World Init took: (0.000609s)
[2018.12.11-14.45.17:162][595]LogPlayLevel: PIE: Created PIE world by copying editor world from /Game/Maps/SurvivalMap.SurvivalMap to /Game/Maps/UEDPIE_0_SurvivalMap.SurvivalMap (0.002275s)
[2018.12.11-14.45.17:229][595]LogInit: XAudio2 using 'Głośniki (Realtek High Definition Audio)' : 2 channels at 48 kHz using 32 bits per sample (channel mask 0x3)
[2018.12.11-14.45.17:248][595]LogInit: FAudioDevice initialized.
[2018.12.11-14.45.17:276][595]LogLoad: Game class is 'SurvivalGameMod_C'
[2018.12.11-14.45.17:278][595]LogWorld: Bringing World /Game/Maps/UEDPIE_0_SurvivalMap.SurvivalMap up for play (max tick rate 0) at 2018.12.11-15.45.17
[2018.12.11-14.45.17:278][595]LogWorld: Bringing up level for play took: 0.000409
[2018.12.11-14.45.17:292][595]PIE: Play in editor start time for /Game/Maps/UEDPIE_0_SurvivalMap 0,059
[2018.12.11-14.45.18:709][736]LogSavePackage: Moving '../../../../../../Repozytorium/C/Unreal-Engine-4/Study/Poradniki/SurvivalGame/Saved/SurvivalMap1B08637D4134F4B23D61EA87D4FE40EE.tmp' to '../../../../../../Repozytorium/C/Unreal-Engine-4/Study/Poradniki/SurvivalGame/Content/Maps/SurvivalMap.umap'
[2018.12.11-14.45.18:725][736]Cmd: OBJ SAVEPACKAGE PACKAGE="/Game/Maps/SurvivalMap_BuiltData" FILE="../../../../../../Repozytorium/C/Unreal-Engine-4/Study/Poradniki/SurvivalGame/Content/Maps/SurvivalMap_BuiltData.uasset" SILENT=true
[2018.12.11-14.45.18:739][736]LogSavePackage: Moving '../../../../../../Repozytorium/C/Unreal-Engine-4/Study/Poradniki/SurvivalGame/Saved/SurvivalMap_BuiltDataC92359EC4DFFA84DCE6A33A8A2492BF1.tmp' to '../../../../../../Repozytorium/C/Unreal-Engine-4/Study/Poradniki/SurvivalGame/Content/Maps/SurvivalMap_BuiltData.uasset'
[2018.12.11-14.45.29:692][471]LogSlate: FSceneViewport::OnFocusLost() reason 0
[2018.12.11-14.45.32:577][769]LogSavePackage: Moving '../../../../../../Repozytorium/C/Unreal-Engine-4/Study/Poradniki/SurvivalGame/Saved/SurvivalMap9E1B46364B47D86D20DF7ABE7FDF87C3.tmp' to '../../../../../../Repozytorium/C/Unreal-Engine-4/Study/Poradniki/SurvivalGame/Content/Maps/SurvivalMap.umap'
[2018.12.11-14.45.32:592][769]Cmd: OBJ SAVEPACKAGE PACKAGE="/Game/Maps/SurvivalMap_BuiltData" FILE="../../../../../../Repozytorium/C/Unreal-Engine-4/Study/Poradniki/SurvivalGame/Content/Maps/SurvivalMap_BuiltData.uasset" SILENT=true
[2018.12.11-14.45.32:602][769]LogSavePackage: Moving '../../../../../../Repozytorium/C/Unreal-Engine-4/Study/Poradniki/SurvivalGame/Saved/SurvivalMap_BuiltData9DD7E96542A92335F980AD94748A3C7D.tmp' to '../../../../../../Repozytorium/C/Unreal-Engine-4/Study/Poradniki/SurvivalGame/Content/Maps/SurvivalMap_BuiltData.uasset'
[2018.12.11-14.45.50:496][733]LogSlate: Updating window title bar state: overlay mode, drag disabled, window buttons hidden, title bar hidden
[2018.12.11-14.45.50:529][733]LogPlayLevel: Display: Shutting down PIE online subsystems
[2018.12.11-14.45.50:554][733]LogSlate: Updating window title bar state: overlay mode, drag disabled, window buttons hidden, title bar hidden
[2018.12.11-14.45.50:597][736]LogPlayLevel: Display: Destroying online subsystem :Context_4
[2018.12.11-14.45.50:910][770]Cmd: SELECT NONE
[2018.12.11-14.45.52:169][905]LogSlate: FSceneViewport::OnFocusLost() reason 0
[2018.12.11-14.45.54:455][915]LogSlate: Window 'Save Content' being destroyed
[2018.12.11-14.46.35:626][324]LogAssetEditorManager: Opening Asset editor for UserDefinedEnum /Game/Blueprints/Item_Type.Item_Type
[2018.12.11-14.51.02:098][590]Cmd: OBJ SAVEPACKAGE PACKAGE="/Game/Blueprints/Item_Type" FILE="../../../../../../Repozytorium/C/Unreal-Engine-4/Study/Poradniki/SurvivalGame/Content/Blueprints/Item_Type.uasset" SILENT=true
[2018.12.11-14.51.02:100][590]LogSavePackage: Moving '../../../../../../Repozytorium/C/Unreal-Engine-4/Study/Poradniki/SurvivalGame/Saved/Item_Type6C1098754757D38B882C85861F86AEE2.tmp' to '../../../../../../Repozytorium/C/Unreal-Engine-4/Study/Poradniki/SurvivalGame/Content/Blueprints/Item_Type.uasset'
[2018.12.11-14.51.29:349][836]LogAssetEditorManager: Opening Asset editor for UserDefinedStruct /Game/Blueprints/itemData.itemData
[2018.12.11-14.51.51:666][516]LogSlate: Took 0.001391 seconds to synchronously load lazily loaded font '../../../Engine/Content/Slate/Fonts/Roboto-BoldCondensedItalic.ttf' (160K)
[2018.12.11-14.52.08:479][696]LogSlate: Window 'itemData*' being destroyed
[2018.12.11-14.52.08:483][696]LogSlate: Window 'itemData*' being destroyed
[2018.12.11-14.52.09:649][822]LogAssetEditorManager: Opening Asset editor for UserDefinedEnum /Game/Blueprints/Item_Type.Item_Type
[2018.12.11-14.53.01:511][657]Cmd: OBJ SAVEPACKAGE PACKAGE="/Game/Blueprints/Item_Type" FILE="../../../../../../Repozytorium/C/Unreal-Engine-4/Study/Poradniki/SurvivalGame/Content/Blueprints/Item_Type.uasset" SILENT=true
[2018.12.11-14.53.01:517][657]LogSavePackage: Moving '../../../../../../Repozytorium/C/Unreal-Engine-4/Study/Poradniki/SurvivalGame/Saved/Item_Type21ED2E4B4C1F913178D6829F18B96A18.tmp' to '../../../../../../Repozytorium/C/Unreal-Engine-4/Study/Poradniki/SurvivalGame/Content/Blueprints/Item_Type.uasset'
[2018.12.11-14.53.02:650][788]LogSlate: Window 'Item_Type' being destroyed
[2018.12.11-14.53.02:654][788]LogSlate: Window 'Item_Type' being destroyed
[2018.12.11-14.53.04:245][972]LogAssetEditorManager: Opening Asset editor for UserDefinedStruct /Game/Blueprints/itemData.itemData
[2018.12.11-14.53.38:061][895]Cmd: OBJ SAVEPACKAGE PACKAGE="/Game/Blueprints/itemData" FILE="../../../../../../Repozytorium/C/Unreal-Engine-4/Study/Poradniki/SurvivalGame/Content/Blueprints/itemData.uasset" SILENT=true
[2018.12.11-14.53.38:065][895]LogSavePackage: Moving '../../../../../../Repozytorium/C/Unreal-Engine-4/Study/Poradniki/SurvivalGame/Saved/itemData1D905A584B1430957E25A48627097E65.tmp' to '../../../../../../Repozytorium/C/Unreal-Engine-4/Study/Poradniki/SurvivalGame/Content/Blueprints/itemData.uasset'
[2018.12.11-14.54.30:597][375]Cmd: OBJ SAVEPACKAGE PACKAGE="/Game/Blueprints/itemData" FILE="../../../../../../Repozytorium/C/Unreal-Engine-4/Study/Poradniki/SurvivalGame/Content/Blueprints/itemData.uasset" SILENT=true
[2018.12.11-14.54.30:603][375]LogSavePackage: Moving '../../../../../../Repozytorium/C/Unreal-Engine-4/Study/Poradniki/SurvivalGame/Saved/itemData1198A3AF4084B0918CD2CBBE29FF2C13.tmp' to '../../../../../../Repozytorium/C/Unreal-Engine-4/Study/Poradniki/SurvivalGame/Content/Blueprints/itemData.uasset'
[2018.12.11-14.54.31:616][496]LogSlate: Window 'itemData' being destroyed
[2018.12.11-14.54.31:619][496]LogSlate: Window 'itemData' being destroyed
[2018.12.11-14.54.32:419][584]LogSavePackage: Moving '../../../../../../Repozytorium/C/Unreal-Engine-4/Study/Poradniki/SurvivalGame/Saved/SurvivalMap59A605DE460EF0232D5F08B105F85229.tmp' to '../../../../../../Repozytorium/C/Unreal-Engine-4/Study/Poradniki/SurvivalGame/Content/Maps/SurvivalMap.umap'
[2018.12.11-14.54.32:436][584]Cmd: OBJ SAVEPACKAGE PACKAGE="/Game/Maps/SurvivalMap_BuiltData" FILE="../../../../../../Repozytorium/C/Unreal-Engine-4/Study/Poradniki/SurvivalGame/Content/Maps/SurvivalMap_BuiltData.uasset" SILENT=true
[2018.12.11-14.54.32:447][584]LogSavePackage: Moving '../../../../../../Repozytorium/C/Unreal-Engine-4/Study/Poradniki/SurvivalGame/Saved/SurvivalMap_BuiltData9A019AA5442A785CA352A594B008F0FD.tmp' to '../../../../../../Repozytorium/C/Unreal-Engine-4/Study/Poradniki/SurvivalGame/Content/Maps/SurvivalMap_BuiltData.uasset'
[2018.12.11-14.54.46:783][ 74]LogAssetEditorManager: Opening Asset editor for Blueprint /Game/Blueprints/SurvivalGameCharacter.SurvivalGameCharacter
[2018.12.11-14.55.43:586][914]BlueprintLog: New page: Compile SurvivalGameCharacter
[2018.12.11-14.55.44:131][960]LogSavePackage: Moving '../../../../../../Repozytorium/C/Unreal-Engine-4/Study/Poradniki/SurvivalGame/Saved/SurvivalGameCharacter6F77BBA44F8F479C6D1A3593515901D8.tmp' to '../../../../../../Repozytorium/C/Unreal-Engine-4/Study/Poradniki/SurvivalGame/Content/Blueprints/SurvivalGameCharacter.uasset'
[2018.12.11-14.57.28:131][770]BlueprintLog: New page: Compile SurvivalGameCharacter
[2018.12.11-14.57.28:656][812]LogSavePackage: Moving '../../../../../../Repozytorium/C/Unreal-Engine-4/Study/Poradniki/SurvivalGame/Saved/SurvivalGameCharacterD424A0DD477BCBD438AD9D95990290D5.tmp' to '../../../../../../Repozytorium/C/Unreal-Engine-4/Study/Poradniki/SurvivalGame/Content/Blueprints/SurvivalGameCharacter.uasset'
[2018.12.11-14.57.44:421][ 61]BlueprintLog: New page: Compile SurvivalGameCharacter
[2018.12.11-14.57.45:161][129]LogSavePackage: Moving '../../../../../../Repozytorium/C/Unreal-Engine-4/Study/Poradniki/SurvivalGame/Saved/SurvivalGameCharacterEDF46ADB43B1D134A43C579D8BFE7884.tmp' to '../../../../../../Repozytorium/C/Unreal-Engine-4/Study/Poradniki/SurvivalGame/Content/Blueprints/SurvivalGameCharacter.uasset'
[2018.12.11-14.58.15:671][759]BlueprintLog: New page: Compile SurvivalGameCharacter
[2018.12.11-14.58.16:191][797]LogSavePackage: Moving '../../../../../../Repozytorium/C/Unreal-Engine-4/Study/Poradniki/SurvivalGame/Saved/SurvivalGameCharacterAC46D3364EBF28950944929F0AEACEF1.tmp' to '../../../../../../Repozytorium/C/Unreal-Engine-4/Study/Poradniki/SurvivalGame/Content/Blueprints/SurvivalGameCharacter.uasset'
[2018.12.11-14.58.19:395][172]LogRenderer: Reallocating scene render targets to support 1208x712 Format 10 NumSamples 1 (Frame:1).
[2018.12.11-14.58.23:862][640]LogTemp: Repeating last play command: Selected Viewport
[2018.12.11-14.58.23:876][640]BlueprintLog: New page: Pre-Play auto-recompile
[2018.12.11-14.58.23:877][640]LogPlayLevel: [PlayLevel] Compiling PROTO_BP_AnimBlueprint_0 before play...
[2018.12.11-14.58.23:901][640]LogPlayLevel: PlayLevel: Blueprint regeneration took 24 ms (1 blueprints)
[2018.12.11-14.58.23:901][640]PIE: New page: PIE session: SurvivalMap (11 gru 2018, 16:58:23)
[2018.12.11-14.58.23:901][640]LogPlayLevel: Creating play world package: /Game/Maps/UEDPIE_0_SurvivalMap
[2018.12.11-14.58.23:903][640]LogPlayLevel: PIE: StaticDuplicateObject took: (0.001488s)
[2018.12.11-14.58.23:903][640]LogAIModule: Creating AISystem for world SurvivalMap
[2018.12.11-14.58.23:903][640]LogPlayLevel: PIE: World Init took: (0.000590s)
[2018.12.11-14.58.23:903][640]LogPlayLevel: PIE: Created PIE world by copying editor world from /Game/Maps/SurvivalMap.SurvivalMap to /Game/Maps/UEDPIE_0_SurvivalMap.SurvivalMap (0.002165s)
[2018.12.11-14.58.23:966][640]LogInit: XAudio2 using 'Głośniki (Realtek High Definition Audio)' : 2 channels at 48 kHz using 32 bits per sample (channel mask 0x3)
[2018.12.11-14.58.23:984][640]LogInit: FAudioDevice initialized.
[2018.12.11-14.58.24:015][640]LogLoad: Game class is 'SurvivalGameMod_C'
[2018.12.11-14.58.24:018][640]LogWorld: Bringing World /Game/Maps/UEDPIE_0_SurvivalMap.SurvivalMap up for play (max tick rate 0) at 2018.12.11-15.58.24
[2018.12.11-14.58.24:019][640]LogWorld: Bringing up level for play took: 0.000863
[2018.12.11-14.58.24:033][640]PIE: Play in editor start time for /Game/Maps/UEDPIE_0_SurvivalMap 0,8
[2018.12.11-14.58.26:647][947]LogSlate: Updating window title bar state: overlay mode, drag disabled, window buttons hidden, title bar hidden
[2018.12.11-14.58.26:682][947]LogPlayLevel: Display: Shutting down PIE online subsystems
[2018.12.11-14.58.26:704][947]LogSlate: Updating window title bar state: overlay mode, drag disabled, window buttons hidden, title bar hidden
[2018.12.11-14.58.26:751][950]LogPlayLevel: Display: Destroying online subsystem :Context_6
[2018.12.11-14.58.32:328][265]LogSlate: FSceneViewport::OnFocusLost() reason 0
[2018.12.11-14.58.32:476][272]LogSlate: Window 'SurvivalGameCharacter' being destroyed
[2018.12.11-14.58.32:531][272]LogSlate: Window 'SurvivalGame - Unreal Editor' being destroyed
[2018.12.11-14.58.32:531][272]LogWindowsTextInputMethodSystem: Display: IME system now deactivated.
[2018.12.11-14.58.32:737][273]Cmd: QUIT_EDITOR
[2018.12.11-14.58.33:685][273]LogExit: Preparing to exit.
[2018.12.11-14.58.33:877][273]LogExit: Editor shut down
[2018.12.11-14.58.33:877][273]LogExit: Transaction tracking system shut down
[2018.12.11-14.58.34:464][273]LogExit: Object subsystem successfully closed.
[2018.12.11-14.58.34:499][273]LogShaderCompilers: Display: Shaders left to compile 0
[2018.12.11-14.58.34:507][273]LogD3D11RHI: Shutdown
[2018.12.11-14.58.34:507][273]LogD3D11RHI: CleanupD3DDevice
[2018.12.11-14.58.34:510][273]LogD3D11RHI: ~FD3D11DynamicRHI
[2018.12.11-14.58.34:558][273]LogModuleManager: Shutting down and abandoning module BlueprintGraph (616)
[2018.12.11-14.58.34:558][273]LogModuleManager: Shutting down and abandoning module MovieSceneCapture (614)
[2018.12.11-14.58.34:558][273]LogModuleManager: Shutting down and abandoning module Voice (612)
[2018.12.11-14.58.34:558][273]LogModuleManager: Shutting down and abandoning module HierarchicalLODOutliner (610)
[2018.12.11-14.58.34:558][273]LogModuleManager: Shutting down and abandoning module SceneOutliner (608)
[2018.12.11-14.58.34:558][273]LogModuleManager: Shutting down and abandoning module AddContentDialog (606)
[2018.12.11-14.58.34:559][273]LogModuleManager: Shutting down and abandoning module WidgetCarousel (605)
[2018.12.11-14.58.34:559][273]LogModuleManager: Shutting down and abandoning module EditorWidgets (602)
[2018.12.11-14.58.34:559][273]LogModuleManager: Shutting down and abandoning module CollectionManager (600)
[2018.12.11-14.58.34:559][273]LogModuleManager: Shutting down and abandoning module StatsViewer (598)
[2018.12.11-14.58.34:559][273]LogModuleManager: Shutting down and abandoning module FoliageEdit (596)
[2018.12.11-14.58.34:559][273]LogModuleManager: Shutting down and abandoning module LandscapeEditor (594)
[2018.12.11-14.58.34:559][273]LogModuleManager: Shutting down and abandoning module MeshPaintMode (592)
[2018.12.11-14.58.34:559][273]LogModuleManager: Shutting down and abandoning module SceneDepthPickerMode (590)
[2018.12.11-14.58.34:559][273]LogModuleManager: Shutting down and abandoning module ActorPickerMode (588)
[2018.12.11-14.58.34:559][273]LogModuleManager: Shutting down and abandoning module GeometryMode (586)
[2018.12.11-14.58.34:559][273]LogModuleManager: Shutting down and abandoning module TextureAlignMode (584)
[2018.12.11-14.58.34:559][273]LogModuleManager: Shutting down and abandoning module BspMode (582)
[2018.12.11-14.58.34:559][273]LogModuleManager: Shutting down and abandoning module PIEPreviewDeviceProfileSelector (580)
[2018.12.11-14.58.34:559][273]LogModuleManager: Shutting down and abandoning module SequenceRecorderSections (578)
[2018.12.11-14.58.34:560][273]LogModuleManager: Shutting down and abandoning module AutomationWorker (576)
[2018.12.11-14.58.34:560][273]LogModuleManager: Shutting down and abandoning module AudioCaptureEditor (574)
[2018.12.11-14.58.34:560][273]LogModuleManager: Shutting down and abandoning module SequenceRecorder (573)
[2018.12.11-14.58.34:560][273]LogModuleManager: Shutting down and abandoning module MatineeToLevelSequence (570)
[2018.12.11-14.58.34:560][273]LogModuleManager: Shutting down and abandoning module LevelSequenceEditor (568)
[2018.12.11-14.58.34:560][273]LogModuleManager: Shutting down and abandoning module PlacementMode (567)
[2018.12.11-14.58.34:560][273]LogModuleManager: Shutting down and abandoning module MaterialEditor (566)
[2018.12.11-14.58.34:560][273]LogModuleManager: Shutting down and abandoning module WmfMediaFactory (562)
[2018.12.11-14.58.34:560][273]LogModuleManager: Shutting down and abandoning module WmfMediaEditor (560)
[2018.12.11-14.58.34:560][273]LogModuleManager: Shutting down and abandoning module MediaPlayerEditor (558)
[2018.12.11-14.58.34:560][273]LogModuleManager: Shutting down and abandoning module OpenExrWrapper (556)
[2018.12.11-14.58.34:560][273]LogModuleManager: Shutting down and abandoning module ImgMediaFactory (554)
[2018.12.11-14.58.34:560][273]LogModuleManager: Shutting down and abandoning module ImgMediaEditor (552)
[2018.12.11-14.58.34:560][273]LogModuleManager: Shutting down and abandoning module AvfMediaFactory (550)
[2018.12.11-14.58.34:560][273]LogModuleManager: Shutting down and abandoning module AvfMediaEditor (548)
[2018.12.11-14.58.34:560][273]LogModuleManager: Shutting down and abandoning module AndroidMediaFactory (546)
[2018.12.11-14.58.34:560][273]LogModuleManager: Shutting down and abandoning module AndroidMediaEditor (544)
[2018.12.11-14.58.34:560][273]LogModuleManager: Shutting down and abandoning module MagicLeapCameraPreviewFactory (542)
[2018.12.11-14.58.34:560][273]LogModuleManager: Shutting down and abandoning module MagicLeapMediaFactory (540)
[2018.12.11-14.58.34:560][273]LogModuleManager: Shutting down and abandoning module MagicLeapMediaEditor (538)
[2018.12.11-14.58.34:560][273]LogModuleManager: Shutting down and abandoning module CharacterAI (536)
[2018.12.11-14.58.34:560][273]LogModuleManager: Shutting down and abandoning module SmartSnapping (534)
[2018.12.11-14.58.34:560][273]LogModuleManager: Shutting down and abandoning module SessionServices (532)
[2018.12.11-14.58.34:560][273]LogModuleManager: Shutting down and abandoning module ViewportSnapping (530)
[2018.12.11-14.58.34:560][273]LogModuleManager: Shutting down and abandoning module ViewportInteraction (528)
[2018.12.11-14.58.34:560][273]LogModuleManager: Shutting down and abandoning module ClothPainter (526)
[2018.12.11-14.58.34:561][273]LogModuleManager: Shutting down and abandoning module SkeletalMeshEditor (525)
[2018.12.11-14.58.34:561][273]LogModuleManager: Shutting down and abandoning module LogVisualizer (522)
[2018.12.11-14.58.34:561][273]LogModuleManager: Shutting down and abandoning module IntroTutorials (520)
[2018.12.11-14.58.34:561][273]LogModuleManager: Shutting down and abandoning module GameProjectGeneration (519)
[2018.12.11-14.58.34:561][273]LogModuleManager: Shutting down and abandoning module LuminPlatformEditor (516)
[2018.12.11-14.58.34:561][273]LogModuleManager: Shutting down and abandoning module IOSPlatformEditor (514)
[2018.12.11-14.58.34:561][273]LogModuleManager: Shutting down and abandoning module HTML5PlatformEditor (512)
[2018.12.11-14.58.34:561][273]LogModuleManager: Shutting down and abandoning module AndroidPlatformEditor (510)
[2018.12.11-14.58.34:561][273]LogModuleManager: Shutting down and abandoning module AndroidDeviceDetection (509)
[2018.12.11-14.58.35:030][273]LogModuleManager: Shutting down and abandoning module WindowsPlatformEditor (506)
[2018.12.11-14.58.35:030][273]LogModuleManager: Shutting down and abandoning module LuminRuntimeSettings (504)
[2018.12.11-14.58.35:030][273]LogModuleManager: Shutting down and abandoning module IOSRuntimeSettings (502)
[2018.12.11-14.58.35:030][273]LogModuleManager: Shutting down and abandoning module AndroidRuntimeSettings (500)
[2018.12.11-14.58.35:030][273]LogModuleManager: Shutting down and abandoning module InputBindingEditor (498)
[2018.12.11-14.58.35:030][273]LogModuleManager: Shutting down and abandoning module MergeActors (496)
[2018.12.11-14.58.35:030][273]LogModuleManager: Shutting down and abandoning module LocalizationDashboard (494)
[2018.12.11-14.58.35:031][273]LogModuleManager: Shutting down and abandoning module LocalizationService (493)
[2018.12.11-14.58.35:031][273]LogModuleManager: Shutting down and abandoning module HardwareTargeting (490)
[2018.12.11-14.58.35:031][273]LogModuleManager: Shutting down and abandoning module DeviceProfileEditor (488)
[2018.12.11-14.58.35:031][273]LogModuleManager: Shutting down and abandoning module UndoHistory (486)
[2018.12.11-14.58.35:031][273]LogModuleManager: Shutting down and abandoning module XmlParser (484)
[2018.12.11-14.58.35:031][273]LogModuleManager: Shutting down and abandoning module Blutility (482)
[2018.12.11-14.58.35:031][273]LogModuleManager: Shutting down and abandoning module ProjectSettingsViewer (480)
[2018.12.11-14.58.35:031][273]LogModuleManager: Shutting down and abandoning module ProjectTargetPlatformEditor (479)
[2018.12.11-14.58.35:032][273]LogModuleManager: Shutting down and abandoning module EditorSettingsViewer (476)
[2018.12.11-14.58.35:032][273]LogModuleManager: Shutting down and abandoning module SettingsEditor (474)
[2018.12.11-14.58.35:032][273]LogModuleManager: Shutting down and abandoning module ProjectLauncher (472)
[2018.12.11-14.58.35:032][273]LogModuleManager: Shutting down and abandoning module SessionFrontend (470)
[2018.12.11-14.58.35:032][273]LogModuleManager: Shutting down and abandoning module ProfilerClient (468)
[2018.12.11-14.58.35:032][273]LogModuleManager: Shutting down and abandoning module DeviceManager (466)
[2018.12.11-14.58.35:032][273]LogModuleManager: Shutting down and abandoning module TargetDeviceServices (465)
[2018.12.11-14.58.35:087][273]LogModuleManager: Shutting down and abandoning module AutomationController (462)
[2018.12.11-14.58.35:087][273]LogModuleManager: Shutting down and abandoning module AutomationWindow (460)
[2018.12.11-14.58.35:087][273]LogModuleManager: Shutting down and abandoning module Layers (458)
[2018.12.11-14.58.35:087][273]LogModuleManager: Shutting down and abandoning module ComponentVisualizers (456)
[2018.12.11-14.58.35:087][273]LogModuleManager: Shutting down and abandoning module DetailCustomizations (454)
[2018.12.11-14.58.35:087][273]LogModuleManager: Shutting down and abandoning module PackagesDialog (452)
[2018.12.11-14.58.35:088][273]LogModuleManager: Shutting down and abandoning module Persona (450)
[2018.12.11-14.58.35:088][273]LogModuleManager: Shutting down and abandoning module AdvancedPreviewScene (449)
[2018.12.11-14.58.35:088][273]LogModuleManager: Shutting down and abandoning module AnimGraph (447)
[2018.12.11-14.58.35:088][273]LogModuleManager: Shutting down and abandoning module Kismet (444)
[2018.12.11-14.58.35:101][273]LogModuleManager: Shutting down and abandoning module GraphEditor (442)
[2018.12.11-14.58.35:102][273]LogModuleManager: Shutting down and abandoning module ClassViewer (440)
[2018.12.11-14.58.35:102][273]LogModuleManager: Shutting down and abandoning module Toolbox (438)
[2018.12.11-14.58.35:102][273]LogModuleManager: Shutting down and abandoning module ModuleUI (436)
[2018.12.11-14.58.35:102][273]LogModuleManager: Shutting down and abandoning module MovieSceneTools (434)
[2018.12.11-14.58.35:102][273]LogModuleManager: Shutting down and abandoning module OutputLog (432)
[2018.12.11-14.58.35:102][273]LogModuleManager: Shutting down and abandoning module GammaUI (430)
[2018.12.11-14.58.35:102][273]LogModuleManager: Shutting down and abandoning module Documentation (428)
[2018.12.11-14.58.35:102][273]LogModuleManager: Shutting down and abandoning module MovieSceneTracks (426)
[2018.12.11-14.58.35:103][273]LogModuleManager: Shutting down and abandoning module MovieScene (424)
[2018.12.11-14.58.35:103][273]LogModuleManager: Shutting down and abandoning module StreamingPauseRendering (422)
[2018.12.11-14.58.35:103][273]LogModuleManager: Shutting down and abandoning module LauncherPlatform (420)
[2018.12.11-14.58.35:103][273]LogModuleManager: Shutting down and abandoning module AnalyticsET (418)
[2018.12.11-14.58.35:103][273]LogModuleManager: Shutting down and abandoning module PortalServices (416)
[2018.12.11-14.58.35:103][273]LogModuleManager: Shutting down and abandoning module PortalRpc (414)
[2018.12.11-14.58.35:103][273]LogModuleManager: Shutting down and abandoning module MessagingRpc (412)
[2018.12.11-14.58.35:103][273]LogModuleManager: Shutting down and abandoning module AIModule (410)
[2018.12.11-14.58.35:103][273]LogModuleManager: Shutting down and abandoning module GameplayDebugger (409)
[2018.12.11-14.58.35:103][273]LogModuleManager: Shutting down and abandoning module AITestSuite (407)
[2018.12.11-14.58.35:104][273]LogModuleManager: Shutting down and abandoning module NavigationSystem (405)
[2018.12.11-14.58.35:104][273]LogModuleManager: Shutting down and abandoning module DesktopPlatform (402)
[2018.12.11-14.58.35:104][273]LogModuleManager: Shutting down and abandoning module ProfilerService (400)
[2018.12.11-14.58.35:223][273]LogModuleManager: Shutting down and abandoning module TaskGraph (398)
[2018.12.11-14.58.35:223][273]LogModuleManager: Shutting down and abandoning module SteamVRController (396)
[2018.12.11-14.58.35:223][273]LogModuleManager: Shutting down and abandoning module ProceduralMeshComponentEditor (394)
[2018.12.11-14.58.35:223][273]LogModuleManager: Shutting down and abandoning module ProceduralMeshComponent (392)
[2018.12.11-14.58.35:223][273]LogModuleManager: Shutting down and abandoning module OculusInput (390)
[2018.12.11-14.58.35:223][273]LogModuleManager: Shutting down and abandoning module MobilePatchingUtils (388)
[2018.12.11-14.58.35:223][273]LogModuleManager: Shutting down and abandoning module EditableMesh (386)
[2018.12.11-14.58.35:224][273]LogModuleManager: Shutting down and abandoning module CustomMeshComponent (384)
[2018.12.11-14.58.35:224][273]LogModuleManager: Shutting down and abandoning module CableComponent (382)
[2018.12.11-14.58.35:224][273]LogModuleManager: Shutting down and abandoning module AudioCapture (380)
[2018.12.11-14.58.35:224][273]LogModuleManager: Shutting down and abandoning module ArchVisCharacter (378)
[2018.12.11-14.58.35:224][273]LogModuleManager: Shutting down and abandoning module AndroidPermission (376)
[2018.12.11-14.58.35:224][273]LogModuleManager: Shutting down and abandoning module NUTUnrealEngine4 (374)
[2018.12.11-14.58.35:224][273]LogModuleManager: Shutting down and abandoning module NetcodeUnitTest (372)
[2018.12.11-14.58.35:224][273]LogModuleManager: Shutting down and abandoning module MediaCompositingEditor (370)
[2018.12.11-14.58.35:224][273]LogModuleManager: Shutting down and abandoning module MediaCompositing (368)
[2018.12.11-14.58.35:224][273]LogModuleManager: Shutting down and abandoning module LinearTimecode (366)
[2018.12.11-14.58.35:224][273]LogModuleManager: Shutting down and abandoning module ImgMedia (364)
[2018.12.11-14.58.35:234][273]LogModuleManager: Shutting down and abandoning module HTML5Networking (362)
[2018.12.11-14.58.35:234][273]LogModuleManager: Shutting down and abandoning module GeometryCacheTracks (360)
[2018.12.11-14.58.35:235][273]LogModuleManager: Shutting down and abandoning module GeometryCacheSequencer (358)
[2018.12.11-14.58.35:235][273]LogModuleManager: Shutting down and abandoning module BackChannel (356)
[2018.12.11-14.58.35:235][273]LogModuleManager: Shutting down and abandoning module AppleVision (354)
[2018.12.11-14.58.35:235][273]LogModuleManager: Shutting down and abandoning module AppleImageUtils (352)
[2018.12.11-14.58.35:235][273]LogModuleManager: Shutting down and abandoning module AlembicImporter (350)
[2018.12.11-14.58.35:235][273]LogModuleManager: Shutting down and abandoning module AlembicLibrary (349)
[2018.12.11-14.58.35:235][273]LogModuleManager: Shutting down and abandoning module GeometryCache (348)
[2018.12.11-14.58.35:235][273]LogModuleManager: Shutting down and abandoning module GeometryCacheEd (347)
[2018.12.11-14.58.35:235][273]LogModuleManager: Shutting down and abandoning module DatasmithContentEditor (342)
[2018.12.11-14.58.35:235][273]LogModuleManager: Shutting down and abandoning module DatasmithContent (340)
[2018.12.11-14.58.35:237][273]LogModuleManager: Shutting down and abandoning module SpeedTreeImporter (338)
[2018.12.11-14.58.35:237][273]LogModuleManager: Shutting down and abandoning module PluginBrowser (336)
[2018.12.11-14.58.35:237][273]LogModuleManager: Shutting down and abandoning module MobileLauncherProfileWizard (334)
[2018.12.11-14.58.35:237][273]LogModuleManager: Shutting down and abandoning module PolygonModeling (332)
[2018.12.11-14.58.35:238][273]LogModuleManager: Shutting down and abandoning module MeshEditor (330)
[2018.12.11-14.58.35:238][273]LogModuleManager: Shutting down and abandoning module CryptoKeysOpenSSL (328)
[2018.12.11-14.58.35:238][273]LogModuleManager: Shutting down and abandoning module CryptoKeys (326)
[2018.12.11-14.58.35:238][273]LogModuleManager: Shutting down and abandoning module VisualStudioSourceCodeAccess (324)
[2018.12.11-14.58.35:238][273]LogModuleManager: Shutting down and abandoning module VisualStudioCodeSourceCodeAccess (322)
[2018.12.11-14.58.35:238][273]LogModuleManager: Shutting down and abandoning module UObjectPlugin (320)
[2018.12.11-14.58.35:238][273]LogModuleManager: Shutting down and abandoning module SubversionSourceControl (318)
[2018.12.11-14.58.35:238][273]LogModuleManager: Shutting down and abandoning module PerforceSourceControl (316)
[2018.12.11-14.58.35:238][273]LogModuleManager: Shutting down and abandoning module GitSourceControl (314)
[2018.12.11-14.58.35:239][273]LogModuleManager: Shutting down and abandoning module SourceControl (313)
[2018.12.11-14.58.35:239][273]LogModuleManager: Shutting down and abandoning module CLionSourceCodeAccess (310)
[2018.12.11-14.58.35:239][273]LogModuleManager: Shutting down and abandoning module LightPropagationVolumeEditor (308)
[2018.12.11-14.58.35:239][273]LogModuleManager: Shutting down and abandoning module PaperTiledImporter (306)
[2018.12.11-14.58.35:239][273]LogModuleManager: Shutting down and abandoning module PaperSpriteSheetImporter (304)
[2018.12.11-14.58.35:239][273]LogModuleManager: Shutting down and abandoning module Paper2DEditor (302)
[2018.12.11-14.58.35:239][273]LogModuleManager: Shutting down and abandoning module MeshPaint (301)
[2018.12.11-14.58.35:239][273]LogModuleManager: Shutting down and abandoning module RuntimePhysXCooking (298)
[2018.12.11-14.58.35:239][273]LogModuleManager: Shutting down and abandoning module PhysXVehiclesEditor (296)
[2018.12.11-14.58.35:240][273]LogModuleManager: Shutting down and abandoning module PhysXVehicles (294)
[2018.12.11-14.58.35:240][273]LogModuleManager: Shutting down and abandoning module OculusEditor (292)
[2018.12.11-14.58.35:240][273]LogModuleManager: Shutting down and abandoning module LocationServicesBPLibrary (290)
[2018.12.11-14.58.35:240][273]LogModuleManager: Shutting down and abandoning module ImmediatePhysicsEditor (288)
[2018.12.11-14.58.35:240][273]LogModuleManager: Shutting down and abandoning module ImmediatePhysics (286)
[2018.12.11-14.58.35:240][273]LogModuleManager: Shutting down and abandoning module ActorSequence (284)
[2018.12.11-14.58.35:240][273]LogModuleManager: Shutting down and abandoning module UdpMessaging (282)
[2018.12.11-14.58.35:342][273]LogModuleManager: Shutting down and abandoning module TcpMessaging (280)
[2018.12.11-14.58.35:443][273]LogModuleManager: Shutting down and abandoning module MagicLeapAudio (278)
[2018.12.11-14.58.35:443][273]LogModuleManager: Shutting down and abandoning module GameplayTagsEditor (276)
[2018.12.11-14.58.35:443][273]LogModuleManager: Shutting down and abandoning module FacialAnimationEditor (274)
[2018.12.11-14.58.35:443][273]LogModuleManager: Shutting down and abandoning module FacialAnimation (272)
[2018.12.11-14.58.35:443][273]LogModuleManager: Shutting down and abandoning module DataValidation (270)
[2018.12.11-14.58.35:443][273]LogModuleManager: Shutting down and abandoning module AssetManagerEditor (268)
[2018.12.11-14.58.35:443][273]LogModuleManager: Shutting down and abandoning module LevelEditor (267)
[2018.12.11-14.58.35:445][273]LogModuleManager: Shutting down and abandoning module PixelInspectorModule (266)
[2018.12.11-14.58.35:445][273]LogModuleManager: Shutting down and abandoning module CommonMenuExtensions (264)
[2018.12.11-14.58.35:446][273]LogModuleManager: Shutting down and abandoning module MainFrame (262)
[2018.12.11-14.58.35:446][273]LogModuleManager: Shutting down and abandoning module HotReload (261)
[2018.12.11-14.58.35:447][273]LogModuleManager: Shutting down and abandoning module ContentBrowser (257)
[2018.12.11-14.58.35:450][273]LogModuleManager: Shutting down and abandoning module TreeMap (255)
[2018.12.11-14.58.35:450][273]LogModuleManager: Shutting down and abandoning module LightPropagationVolumeRuntime (252)
[2018.12.11-14.58.35:450][273]LogModuleManager: Shutting down and abandoning module AISupportModule (250)
[2018.12.11-14.58.35:450][273]LogModuleManager: Shutting down and abandoning module Paper2D (248)
[2018.12.11-14.58.35:450][273]LogModuleManager: Shutting down and abandoning module WindowsMoviePlayer (246)
[2018.12.11-14.58.35:450][273]LogModuleManager: Shutting down and abandoning module WmfMedia (244)
[2018.12.11-14.58.35:455][273]LogModuleManager: Shutting down and abandoning module Media (243)
[2018.12.11-14.58.35:462][273]LogModuleManager: Shutting down and abandoning module PacketHandler (240)
[2018.12.11-14.58.35:462][273]LogModuleManager: Shutting down and abandoning module ClothingSystemEditor (238)
[2018.12.11-14.58.35:462][273]LogModuleManager: Shutting down and abandoning module ClothingSystemRuntime (236)
[2018.12.11-14.58.35:462][273]LogModuleManager: Shutting down and abandoning module MediaAssets (234)
[2018.12.11-14.58.35:462][273]LogModuleManager: Shutting down and abandoning module Overlay (232)
[2018.12.11-14.58.35:462][273]LogModuleManager: Shutting down and abandoning module OverlayEditor (231)
[2018.12.11-14.58.35:462][273]LogModuleManager: Shutting down and abandoning module VREditor (228)
[2018.12.11-14.58.35:462][273]LogModuleManager: Shutting down and abandoning module StringTableEditor (226)
[2018.12.11-14.58.35:463][273]LogModuleManager: Shutting down and abandoning module GameplayTasksEditor (224)
[2018.12.11-14.58.35:463][273]LogModuleManager: Shutting down and abandoning module BehaviorTreeEditor (222)
[2018.12.11-14.58.35:463][273]LogModuleManager: Shutting down and abandoning module FunctionalTesting (220)
[2018.12.11-14.58.35:463][273]LogModuleManager: Shutting down and abandoning module CollisionAnalyzer (218)
[2018.12.11-14.58.35:463][273]LogModuleManager: Shutting down and abandoning module WorkspaceMenuStructure (217)
[2018.12.11-14.58.35:463][273]LogModuleManager: Shutting down and abandoning module UMG (214)
[2018.12.11-14.58.35:463][273]LogModuleManager: Shutting down and abandoning module UMGEditor (213)
[2018.12.11-14.58.35:463][273]LogModuleManager: Shutting down and abandoning module Sequencer (212)
[2018.12.11-14.58.35:464][273]LogModuleManager: Shutting down and abandoning module MessageLog (209)
[2018.12.11-14.58.35:464][273]LogModuleManager: Shutting down and abandoning module SlateReflector (204)
[2018.12.11-14.58.35:464][273]LogModuleManager: Shutting down and abandoning module Slate (202)
[2018.12.11-14.58.35:464][273]LogModuleManager: Shutting down and abandoning module EditorStyle (200)
[2018.12.11-14.58.35:469][273]LogModuleManager: Shutting down and abandoning module MRMesh (198)
[2018.12.11-14.58.35:469][273]LogModuleManager: Shutting down and abandoning module SourceCodeAccess (196)
[2018.12.11-14.58.35:470][273]LogModuleManager: Shutting down and abandoning module HeadMountedDisplay (194)
[2018.12.11-14.58.35:470][273]LogModuleManager: Shutting down and abandoning module XAudio2 (192)
[2018.12.11-14.58.35:470][273]LogModuleManager: Shutting down and abandoning module Networking (190)
[2018.12.11-14.58.35:470][273]LogModuleManager: Shutting down and abandoning module Core (188)
[2018.12.11-14.58.35:470][273]LogModuleManager: Shutting down and abandoning module LevelSequence (186)
[2018.12.11-14.58.35:470][273]LogModuleManager: Shutting down and abandoning module KismetCompiler (184)
[2018.12.11-14.58.35:470][273]LogModuleManager: Shutting down and abandoning module MeshUtilities (182)
[2018.12.11-14.58.35:470][273]LogModuleManager: Shutting down and abandoning module MeshMergeUtilities (181)
[2018.12.11-14.58.35:470][273]LogModuleManager: Shutting down and abandoning module MeshReductionInterface (180)
[2018.12.11-14.58.35:470][273]LogModuleManager: Shutting down and abandoning module SimplygonSwarm (179)
[2018.12.11-14.58.35:470][273]LogModuleManager: Shutting down and abandoning module ProxyLODMeshReduction (177)
[2018.12.11-14.58.35:470][273]LogModuleManager: Shutting down and abandoning module SimplygonMeshReduction (175)
[2018.12.11-14.58.35:471][273]LogModuleManager: Shutting down and abandoning module QuadricMeshReduction (173)
[2018.12.11-14.58.35:471][273]LogModuleManager: Shutting down and abandoning module MaterialBaking (169)
[2018.12.11-14.58.35:471][273]LogModuleManager: Shutting down and abandoning module DirectoryWatcher (165)
[2018.12.11-14.58.35:471][273]LogModuleManager: Shutting down and abandoning module DerivedDataCache (162)
[2018.12.11-14.58.35:540][273]LogDerivedDataCache: Shutdown
[2018.12.11-14.58.35:540][273]LogModuleManager: Shutting down and abandoning module XGEController (160)
[2018.12.11-14.58.35:540][273]LogModuleManager: Shutting down and abandoning module TargetPlatform (158)
[2018.12.11-14.58.35:540][273]LogModuleManager: Shutting down and abandoning module VulkanShaderFormat (157)
[2018.12.11-14.58.35:540][273]LogModuleManager: Shutting down and abandoning module ShaderFormatVectorVM (155)
[2018.12.11-14.58.35:541][273]LogModuleManager: Shutting down and abandoning module ShaderFormatOpenGL (153)
[2018.12.11-14.58.35:541][273]LogModuleManager: Shutting down and abandoning module ShaderFormatD3D (151)
[2018.12.11-14.58.35:541][273]LogModuleManager: Shutting down and abandoning module MetalShaderFormat (149)
[2018.12.11-14.58.35:541][273]LogModuleManager: Shutting down and abandoning module TextureFormatUncompressed (147)
[2018.12.11-14.58.35:541][273]LogModuleManager: Shutting down and abandoning module TextureFormatPVR (145)
[2018.12.11-14.58.35:541][273]LogModuleManager: Shutting down and abandoning module TextureFormatDXT (143)
[2018.12.11-14.58.35:541][273]LogModuleManager: Shutting down and abandoning module TextureFormatIntelISPCTexComp (141)
[2018.12.11-14.58.35:541][273]LogModuleManager: Shutting down and abandoning module TextureFormatASTC (139)
[2018.12.11-14.58.35:541][273]LogModuleManager: Shutting down and abandoning module ImageWrapper (138)
[2018.12.11-14.58.35:541][273]LogModuleManager: Shutting down and abandoning module TextureFormatAndroid (135)
[2018.12.11-14.58.35:542][273]LogModuleManager: Shutting down and abandoning module AudioFormatOpus (133)
[2018.12.11-14.58.35:542][273]LogModuleManager: Shutting down and abandoning module AudioFormatOgg (131)
[2018.12.11-14.58.35:542][273]LogModuleManager: Shutting down and abandoning module AudioFormatADPCM (129)
[2018.12.11-14.58.35:542][273]LogModuleManager: Shutting down and abandoning module LuminTargetPlatform (127)
[2018.12.11-14.58.35:542][273]LogModuleManager: Shutting down and abandoning module LinuxTargetPlatform (125)
[2018.12.11-14.58.35:542][273]LogModuleManager: Shutting down and abandoning module LinuxServerTargetPlatform (123)
[2018.12.11-14.58.35:542][273]LogModuleManager: Shutting down and abandoning module LinuxNoEditorTargetPlatform (121)
[2018.12.11-14.58.35:542][273]LogModuleManager: Shutting down and abandoning module LinuxClientTargetPlatform (119)
[2018.12.11-14.58.35:542][273]LogModuleManager: Shutting down and abandoning module TVOSTargetPlatform (117)
[2018.12.11-14.58.35:544][273]LogModuleManager: Shutting down and abandoning module Messaging (115)
[2018.12.11-14.58.35:544][273]LogModuleManager: Shutting down and abandoning module IOSTargetPlatform (113)
[2018.12.11-14.58.35:546][273]LogModuleManager: Shutting down and abandoning module HTML5TargetPlatform (111)
[2018.12.11-14.58.35:547][273]LogModuleManager: Shutting down and abandoning module AndroidTargetPlatform (109)
[2018.12.11-14.58.35:568][273]LogModuleManager: Shutting down and abandoning module WindowsTargetPlatform (107)
[2018.12.11-14.58.35:569][273]LogModuleManager: Shutting down and abandoning module WindowsServerTargetPlatform (105)
[2018.12.11-14.58.35:569][273]LogModuleManager: Shutting down and abandoning module WindowsNoEditorTargetPlatform (103)
[2018.12.11-14.58.35:569][273]LogModuleManager: Shutting down and abandoning module WindowsClientTargetPlatform (101)
[2018.12.11-14.58.35:569][273]LogModuleManager: Shutting down and abandoning module MacTargetPlatform (99)
[2018.12.11-14.58.35:569][273]LogModuleManager: Shutting down and abandoning module MacServerTargetPlatform (97)
[2018.12.11-14.58.35:569][273]LogModuleManager: Shutting down and abandoning module MacNoEditorTargetPlatform (95)
[2018.12.11-14.58.35:569][273]LogModuleManager: Shutting down and abandoning module MacClientTargetPlatform (93)
[2018.12.11-14.58.35:570][273]LogModuleManager: Shutting down and abandoning module AllDesktopTargetPlatform (91)
[2018.12.11-14.58.35:570][273]LogModuleManager: Shutting down and abandoning module InputCore (88)
[2018.12.11-14.58.35:570][273]LogModuleManager: Shutting down and abandoning module Settings (86)
[2018.12.11-14.58.35:570][273]LogModuleManager: Shutting down and abandoning module PhysXCooking (84)
[2018.12.11-14.58.35:570][273]LogModuleManager: Shutting down and abandoning module SteamVR (82)
[2018.12.11-14.58.35:570][273]LogModuleManager: Shutting down and abandoning module OculusHMD (80)
[2018.12.11-14.58.35:570][273]LogModuleManager: Shutting down and abandoning module ExampleDeviceProfileSelector (78)
[2018.12.11-14.58.35:570][273]LogModuleManager: Shutting down and abandoning module LauncherChunkInstaller (76)
[2018.12.11-14.58.35:570][273]LogModuleManager: Shutting down and abandoning module OnlineBlueprintSupport (74)
[2018.12.11-14.58.35:570][273]LogModuleManager: Shutting down and abandoning module OnlineSubsystem (70)
[2018.12.11-14.58.35:572][273]LogModuleManager: Shutting down and abandoning module XMPP (65)
[2018.12.11-14.58.35:572][273]LogModuleManager: Shutting down and abandoning module WebSockets (64)
[2018.12.11-14.58.35:587][273]LogModuleManager: Shutting down and abandoning module HTTP (61)
[2018.12.11-14.58.35:587][273]LogHttp: Display: Http module shutting down, but needs to wait on 1 outstanding Http requests:
[2018.12.11-14.58.35:587][273]LogHttp: Display: 	verb=[POST] url=[https://datarouter.ol.epicgames.com/datarouter/api/v1/public/data?SessionID=%7B640F811D-4902-4734-DF17-63B16F872394%7D&AppID=UEEditor.Rocket.Release&AppVersion=4.20.3-4369336%2B%2B%2BUE4%2BRelease-4.20&UserID=113f355b4650dabec26015839d275052%7Cdbad1f31c481485bbf3df07a1012ca34%7C44ea3920-82f1-4066-8181-2a5c7f06d75a&AppEnvironment=datacollector-binary&UploadType=eteventstream] status=Processing
[2018.12.11-14.58.35:597][273]LogModuleManager: Shutting down and abandoning module SSL (60)
[2018.12.11-14.58.35:599][273]LogModuleManager: Shutting down and abandoning module MagicLeapEmulator (56)
[2018.12.11-14.58.35:599][273]LogModuleManager: Shutting down and abandoning module MagicLeapPrivileges (54)
[2018.12.11-14.58.35:599][273]LogModuleManager: Shutting down and abandoning module MagicLeapIdentity (52)
[2018.12.11-14.58.35:599][273]LogModuleManager: Shutting down and abandoning module MagicLeapHelperVulkan (50)
[2018.12.11-14.58.35:599][273]LogModuleManager: Shutting down and abandoning module MagicLeapHelperOpenGL (48)
[2018.12.11-14.58.35:599][273]LogModuleManager: Shutting down and abandoning module MagicLeapSecureStorage (46)
[2018.12.11-14.58.35:599][273]LogModuleManager: Shutting down and abandoning module MagicLeapGestures (44)
[2018.12.11-14.58.35:599][273]LogModuleManager: Shutting down and abandoning module MagicLeapEyeTracker (42)
[2018.12.11-14.58.35:599][273]LogModuleManager: Shutting down and abandoning module MagicLeapController (40)
[2018.12.11-14.58.35:600][273]LogSlate: Slate User Destroyed.  User Index 0, Is Virtual User: 0
[2018.12.11-14.58.35:600][273]LogModuleManager: Shutting down and abandoning module MagicLeap (38)
[2018.12.11-14.58.35:600][273]LogModuleManager: Shutting down and abandoning module AnimationModifiers (36)
[2018.12.11-14.58.35:600][273]LogModuleManager: Shutting down and abandoning module PropertyEditor (35)
[2018.12.11-14.58.35:600][273]LogModuleManager: Shutting down and abandoning module AudioEditor (32)
[2018.12.11-14.58.35:600][273]LogModuleManager: Shutting down and abandoning module TextureCompressor (30)
[2018.12.11-14.58.35:600][273]LogModuleManager: Shutting down and abandoning module ShaderCore (28)
[2018.12.11-14.58.35:600][273]LogModuleManager: Shutting down and abandoning module Landscape (26)
[2018.12.11-14.58.35:600][273]LogModuleManager: Shutting down and abandoning module SlateRHIRenderer (24)
[2018.12.11-14.58.35:601][273]LogModuleManager: Shutting down and abandoning module OpenGLDrv (22)
[2018.12.11-14.58.35:602][273]LogModuleManager: Shutting down and abandoning module D3D11RHI (20)
[2018.12.11-14.58.35:602][273]LogModuleManager: Shutting down and abandoning module AnimGraphRuntime (18)
[2018.12.11-14.58.35:602][273]LogModuleManager: Shutting down and abandoning module Renderer (16)
[2018.12.11-14.58.35:602][273]LogModuleManager: Shutting down and abandoning module Engine (14)
[2018.12.11-14.58.35:602][273]LogModuleManager: Shutting down and abandoning module CoreUObject (12)
[2018.12.11-14.58.35:602][273]LogModuleManager: Shutting down and abandoning module NetworkFile (10)
[2018.12.11-14.58.35:602][273]LogModuleManager: Shutting down and abandoning module CookedIterativeFile (8)
[2018.12.11-14.58.35:602][273]LogModuleManager: Shutting down and abandoning module StreamingFile (6)
[2018.12.11-14.58.35:602][273]LogModuleManager: Shutting down and abandoning module SandboxFile (4)
[2018.12.11-14.58.35:602][273]LogModuleManager: Shutting down and abandoning module PakFile (2)
[2018.12.11-14.58.35:617][273]LogExit: Exiting.
[2018.12.11-14.58.35:621][273]Log file closed, 12/11/18 15:58:35
