Log file open, 12/12/18 17:57:53
LogWindows: Failed to load 'aqProf.dll' (GetLastError=126)
LogWindows: File 'aqProf.dll' does not exist
LogWindows: Failed to load 'VtuneApi.dll' (GetLastError=126)
LogWindows: File 'VtuneApi.dll' does not exist
LogWindows: Failed to load 'VtuneApi32e.dll' (GetLastError=126)
LogWindows: File 'VtuneApi32e.dll' does not exist
LogConsoleResponse: Display: Failed to find resolution value strings in scalability ini. Falling back to default.
LogInit: Display: Running engine without a game
LogPakFile: Registered encryption key '00000000000000000000000000000000': 0 pak files mounted, 0 remain pending
LogPlatformFile: Not using cached read wrapper
LogInit: Display: Loading recent project file: C:/Users/Maciek/Desktop/Unreal-Engine-4/Study/Poradniki/SurvivalGame 4.21/SurvivalGame.uproject
LogTaskGraph: Started task graph with 5 named threads and 23 total threads with 3 sets of task threads.
LogStats: Stats thread started at 0.258516
LogD3D11RHI: Loaded GFSDK_Aftermath_Lib.x64.dll
LogICUInternationalization: ICU TimeZone Detection - Raw Offset: +1:00, Platform Override: ''
LogPluginManager: Mounting plugin Paper2D
LogPluginManager: Mounting plugin AISupport
LogPluginManager: Mounting plugin LightPropagationVolume
LogPluginManager: Mounting plugin ActorLayerUtilities
LogPluginManager: Mounting plugin CLionSourceCodeAccess
LogPluginManager: Mounting plugin CodeLiteSourceCodeAccess
LogPluginManager: Mounting plugin GitSourceControl
LogPluginManager: Mounting plugin KDevelopSourceCodeAccess
LogPluginManager: Mounting plugin NullSourceCodeAccess
LogPluginManager: Mounting plugin PerforceSourceControl
LogPluginManager: Mounting plugin SubversionSourceControl
LogPluginManager: Mounting plugin UObjectPlugin
LogPluginManager: Mounting plugin VisualStudioCodeSourceCodeAccess
LogPluginManager: Mounting plugin VisualStudioSourceCodeAccess
LogPluginManager: Mounting plugin XCodeSourceCodeAccess
LogPluginManager: Mounting plugin AssetManagerEditor
LogPluginManager: Mounting plugin CryptoKeys
LogPluginManager: Mounting plugin DataValidation
LogPluginManager: Mounting plugin FacialAnimation
LogPluginManager: Mounting plugin GameplayTagsEditor
LogPluginManager: Mounting plugin MacGraphicsSwitching
LogPluginManager: Mounting plugin MeshEditor
LogPluginManager: Mounting plugin MobileLauncherProfileWizard
LogPluginManager: Mounting plugin PluginBrowser
LogPluginManager: Mounting plugin SpeedTreeImporter
LogPluginManager: Mounting plugin DatasmithContent
LogPluginManager: Mounting plugin VariantManagerContent
LogPluginManager: Mounting plugin AlembicImporter
LogPluginManager: Mounting plugin AppleImageUtils
LogPluginManager: Mounting plugin AppleVision
LogPluginManager: Mounting plugin BackChannel
LogPluginManager: Mounting plugin CharacterAI
LogPluginManager: Mounting plugin GeometryCache
LogPluginManager: Mounting plugin HTML5Networking
LogPluginManager: Mounting plugin ProxyLODPlugin
LogPluginManager: Mounting plugin MagicLeap
LogPluginManager: Mounting plugin MagicLeapMedia
LogPluginManager: Mounting plugin AndroidMedia
LogPluginManager: Mounting plugin AvfMedia
LogPluginManager: Mounting plugin ImgMedia
LogPluginManager: Mounting plugin LinearTimecode
LogPluginManager: Mounting plugin MediaCompositing
LogPluginManager: Mounting plugin MediaPlayerEditor
LogPluginManager: Mounting plugin WebMMedia
LogPluginManager: Mounting plugin WmfMedia
LogPluginManager: Mounting plugin TcpMessaging
LogPluginManager: Mounting plugin UdpMessaging
LogPluginManager: Mounting plugin ActorSequence
LogPluginManager: Mounting plugin LevelSequenceEditor
LogPluginManager: Mounting plugin MatineeToLevelSequence
LogPluginManager: Mounting plugin NetcodeUnitTest
LogPluginManager: Mounting plugin NUTUnrealEngine4
LogPluginManager: Mounting plugin OnlineSubsystemGooglePlay
LogPluginManager: Mounting plugin OnlineSubsystemIOS
LogPluginManager: Mounting plugin OnlineSubsystem
LogPluginManager: Mounting plugin OnlineSubsystemNull
LogPluginManager: Mounting plugin OnlineSubsystemUtils
LogPluginManager: Mounting plugin LauncherChunkInstaller
LogPluginManager: Mounting plugin AndroidDeviceProfileSelector
LogPluginManager: Mounting plugin AndroidMoviePlayer
LogPluginManager: Mounting plugin AndroidPermission
LogPluginManager: Mounting plugin AppleMoviePlayer
LogPluginManager: Mounting plugin ArchVisCharacter
LogPluginManager: Mounting plugin AudioCapture
LogPluginManager: Mounting plugin CableComponent
LogPluginManager: Mounting plugin CustomMeshComponent
LogPluginManager: Mounting plugin EditableMesh
LogPluginManager: Mounting plugin ExampleDeviceProfileSelector
LogPluginManager: Mounting plugin Firebase
LogPluginManager: Mounting plugin GoogleCloudMessaging
LogPluginManager: Mounting plugin IOSDeviceProfileSelector
LogPluginManager: Mounting plugin LinuxDeviceProfileSelector
LogPluginManager: Mounting plugin LocationServicesBPLibrary
LogPluginManager: Mounting plugin MobilePatchingUtils
LogPluginManager: Mounting plugin OculusVR
LogPluginManager: Mounting plugin PhysXVehicles
LogPluginManager: Mounting plugin ProceduralMeshComponent
LogPluginManager: Mounting plugin RuntimePhysXCooking
LogPluginManager: Mounting plugin SteamVR
LogPluginManager: Mounting plugin WebMMoviePlayer
LogPluginManager: Mounting plugin WindowsMoviePlayer
LogStreaming: Display: Took  0.050s to configure plugins.
LogInit: Using libcurl 7.55.1-DEV
LogInit:  - built for x86_64-pc-win32
LogInit:  - supports SSL with OpenSSL/1.0.2h
LogInit:  - supports HTTP deflate (compression) using libz 1.2.8
LogInit:  - other features:
LogInit:      CURL_VERSION_SSL
LogInit:      CURL_VERSION_LIBZ
LogInit:      CURL_VERSION_IPV6
LogInit:      CURL_VERSION_ASYNCHDNS
LogInit:      CURL_VERSION_LARGEFILE
LogInit:      CURL_VERSION_IDN
LogInit:  CurlRequestOptions (configurable via config and command line):
LogInit:  - bVerifyPeer = true  - Libcurl will verify peer certificate
LogInit:  - bUseHttpProxy = false  - Libcurl will NOT use HTTP proxy
LogInit:  - bDontReuseConnections = false  - Libcurl will reuse connections
LogInit:  - MaxHostConnections = 16  - Libcurl will limit the number of connections to a host
LogInit:  - LocalHostAddr = Default
LogInit:  - BufferSize = 65536
LogInit: WinSock: version 1.1 (2.2), MaxSocks=32767, MaxUdp=65467
LogInit: Build: ++UE4+Release-4.21-CL-4613538
LogInit: Engine Version: 4.21.1-4613538+++UE4+Release-4.21
LogInit: Compatible Engine Version: 4.21.0-4541578+++UE4+Release-4.21
LogInit: Net CL: 4541578
LogInit: OS: Windows 7 (Service Pack 1), CPU: Intel(R) Core(TM) i7-4790K CPU @ 4.00GHz, GPU: NVIDIA GeForce GTX 970
LogInit: Compiled (64-bit): Nov 30 2018 04:13:25
LogInit: Compiled with Visual C++: 19.13.26129.00
LogInit: Build Configuration: Development
LogInit: Branch Name: ++UE4+Release-4.21
LogInit: Command Line: 
LogInit: Base Directory: A:/FORTINE/UE_4.21/Engine/Binaries/Win64/
LogInit: Installed Engine Build: 1
LogDevObjectVersion: Number of dev versions registered: 22
LogDevObjectVersion:   Dev-Blueprints (B0D832E4-1F89-4F0D-ACCF-7EB736FD4AA2): 10
LogDevObjectVersion:   Dev-Build (E1C64328-A22C-4D53-A36C-8E866417BD8C): 0
LogDevObjectVersion:   Dev-Core (375EC13C-06E4-48FB-B500-84F0262A717E): 2
LogDevObjectVersion:   Dev-Editor (E4B068ED-F494-42E9-A231-DA0B2E46BB41): 26
LogDevObjectVersion:   Dev-Framework (CFFC743F-43B0-4480-9391-14DF171D2073): 34
LogDevObjectVersion:   Dev-Mobile (B02B49B5-BB20-44E9-A304-32B752E40360): 2
LogDevObjectVersion:   Dev-Networking (A4E4105C-59A1-49B5-A7C5-40C4547EDFEE): 0
LogDevObjectVersion:   Dev-Online (39C831C9-5AE6-47DC-9A44-9C173E1C8E7C): 0
LogDevObjectVersion:   Dev-Physics (78F01B33-EBEA-4F98-B9B4-84EACCB95AA2): 0
LogDevObjectVersion:   Dev-Platform (6631380F-2D4D-43E0-8009-CF276956A95A): 0
LogDevObjectVersion:   Dev-Rendering (12F88B9F-8875-4AFC-A67C-D90C383ABD29): 27
LogDevObjectVersion:   Dev-Sequencer (7B5AE74C-D270-4C10-A958-57980B212A5A): 9
LogDevObjectVersion:   Dev-VR (D7296918-1DD6-4BDD-9DE2-64A83CC13884): 2
LogDevObjectVersion:   Dev-LoadTimes (C2A15278-BFE7-4AFE-6C17-90FF531DF755): 1
LogDevObjectVersion:   Private-Geometry (6EACA3D4-40EC-4CC1-B786-8BED09428FC5): 3
LogDevObjectVersion:   Dev-AnimPhys (29E575DD-E0A3-4627-9D10-D276232CDCEA): 17
LogDevObjectVersion:   Dev-Anim (AF43A65D-7FD3-4947-9873-3E8ED9C1BB05): 2
LogDevObjectVersion:   Dev-ReflectionCapture (6B266CEC-1EC7-4B8F-A30B-E4D90942FC07): 1
LogDevObjectVersion:   Dev-Automation (0DF73D61-A23F-47EA-B727-89E90C41499A): 1
LogDevObjectVersion:   FortniteMain (601D1886-AC64-4F84-AA16-D3DE0DEAC7D6): 17
LogDevObjectVersion:   Dev-Enterprise (9DFFBCD6-494F-0158-E221-12823C92A888): 4
LogDevObjectVersion:   Dev-Niagara (F2AED0AC-9AFE-416F-8664-AA7FFA26D6FC): 1
LogStreaming: Display: Took  0.000s to delete old logs.
LogInit: Presizing for max 8388607 objects, including 0 objects not considered by GC, pre-allocating 0 bytes for permanent pool.
LogInit: Object subsystem initialized
LogConfig: Setting CVar [[con.DebugEarlyDefault:1]]
LogConfig: Setting CVar [[r.setres:1280x720]]
[2018.12.12-16.57.54:161][  0]LogConfig: Setting CVar [[r.VSync:0]]
[2018.12.12-16.57.54:161][  0]LogConfig: Setting CVar [[r.RHICmdBypass:0]]
[2018.12.12-16.57.54:161][  0]LogConfig: Applying CVar settings from Section [/Script/Engine.RendererSettings] File [C:/Users/Maciek/Desktop/Unreal-Engine-4/Study/Poradniki/SurvivalGame 4.21/Saved/Config/Windows/Engine.ini]
[2018.12.12-16.57.54:161][  0]LogConfig: Setting CVar [[r.GPUCrashDebugging:0]]
[2018.12.12-16.57.54:161][  0]LogConfig: Applying CVar settings from Section [/Script/Engine.RendererOverrideSettings] File [C:/Users/Maciek/Desktop/Unreal-Engine-4/Study/Poradniki/SurvivalGame 4.21/Saved/Config/Windows/Engine.ini]
[2018.12.12-16.57.54:161][  0]LogConfig: Applying CVar settings from Section [/Script/Engine.StreamingSettings] File [C:/Users/Maciek/Desktop/Unreal-Engine-4/Study/Poradniki/SurvivalGame 4.21/Saved/Config/Windows/Engine.ini]
[2018.12.12-16.57.54:161][  0]LogConfig: Setting CVar [[s.MinBulkDataSizeForAsyncLoading:131072]]
[2018.12.12-16.57.54:161][  0]LogConfig: Setting CVar [[s.AsyncLoadingThreadEnabled:0]]
[2018.12.12-16.57.54:161][  0]LogConfig: Setting CVar [[s.EventDrivenLoaderEnabled:1]]
[2018.12.12-16.57.54:161][  0]LogConfig: Setting CVar [[s.WarnIfTimeLimitExceeded:0]]
[2018.12.12-16.57.54:161][  0]LogConfig: Setting CVar [[s.TimeLimitExceededMultiplier:1.5]]
[2018.12.12-16.57.54:161][  0]LogConfig: Setting CVar [[s.TimeLimitExceededMinTime:0.005]]
[2018.12.12-16.57.54:161][  0]LogConfig: Setting CVar [[s.UseBackgroundLevelStreaming:1]]
[2018.12.12-16.57.54:161][  0]LogConfig: Setting CVar [[s.PriorityAsyncLoadingExtraTime:15.0]]
[2018.12.12-16.57.54:161][  0]LogConfig: Setting CVar [[s.LevelStreamingActorsUpdateTimeLimit:5.0]]
[2018.12.12-16.57.54:161][  0]LogConfig: Setting CVar [[s.PriorityLevelStreamingActorsUpdateExtraTime:5.0]]
[2018.12.12-16.57.54:161][  0]LogConfig: Setting CVar [[s.LevelStreamingComponentsRegistrationGranularity:10]]
[2018.12.12-16.57.54:161][  0]LogConfig: Setting CVar [[s.UnregisterComponentsTimeLimit:1.0]]
[2018.12.12-16.57.54:161][  0]LogConfig: Setting CVar [[s.LevelStreamingComponentsUnregistrationGranularity:5]]
[2018.12.12-16.57.54:161][  0]LogConfig: Applying CVar settings from Section [/Script/Engine.GarbageCollectionSettings] File [C:/Users/Maciek/Desktop/Unreal-Engine-4/Study/Poradniki/SurvivalGame 4.21/Saved/Config/Windows/Engine.ini]
[2018.12.12-16.57.54:161][  0]LogConfig: Setting CVar [[gc.MaxObjectsNotConsideredByGC:1]]
[2018.12.12-16.57.54:161][  0]LogConfig: Setting CVar [[gc.SizeOfPermanentObjectPool:0]]
[2018.12.12-16.57.54:161][  0]LogConfig: Setting CVar [[gc.FlushStreamingOnGC:0]]
[2018.12.12-16.57.54:161][  0]LogConfig: Setting CVar [[gc.NumRetriesBeforeForcingGC:10]]
[2018.12.12-16.57.54:161][  0]LogConfig: Setting CVar [[gc.AllowParallelGC:1]]
[2018.12.12-16.57.54:161][  0]LogConfig: Setting CVar [[gc.TimeBetweenPurgingPendingKillObjects:61.1]]
[2018.12.12-16.57.54:161][  0]LogConfig: Setting CVar [[gc.MaxObjectsInEditor:8388607]]
[2018.12.12-16.57.54:161][  0]LogConfig: Setting CVar [[gc.IncrementalBeginDestroyEnabled:1]]
[2018.12.12-16.57.54:161][  0]LogConfig: Setting CVar [[gc.CreateGCClusters:1]]
[2018.12.12-16.57.54:161][  0]LogConfig: Setting CVar [[gc.MergeGCClusters:0]]
[2018.12.12-16.57.54:161][  0]LogConfig: Setting CVar [[gc.MinGCClusterSize:5]]
[2018.12.12-16.57.54:161][  0]LogConfig: Setting CVar [[gc.ActorClusteringEnabled:0]]
[2018.12.12-16.57.54:161][  0]LogConfig: Setting CVar [[gc.BlueprintClusteringEnabled:0]]
[2018.12.12-16.57.54:161][  0]LogConfig: Setting CVar [[gc.UseDisregardForGCOnDedicatedServers:0]]
[2018.12.12-16.57.54:161][  0]LogConfig: Applying CVar settings from Section [/Script/Engine.NetworkSettings] File [C:/Users/Maciek/Desktop/Unreal-Engine-4/Study/Poradniki/SurvivalGame 4.21/Saved/Config/Windows/Engine.ini]
[2018.12.12-16.57.54:161][  0]LogConfig: Applying CVar settings from Section [/Script/UnrealEd.CookerSettings] File [C:/Users/Maciek/Desktop/Unreal-Engine-4/Study/Poradniki/SurvivalGame 4.21/Saved/Config/Windows/Engine.ini]
[2018.12.12-16.57.54:169][  0]LogConfig: Applying CVar settings from Section [ViewDistanceQuality@3] File [C:/Users/Maciek/Desktop/Unreal-Engine-4/Study/Poradniki/SurvivalGame 4.21/Saved/Config/Windows/Scalability.ini]
[2018.12.12-16.57.54:169][  0]LogConfig: Setting CVar [[r.SkeletalMeshLODBias:0]]
[2018.12.12-16.57.54:169][  0]LogConfig: Setting CVar [[r.ViewDistanceScale:1.0]]
[2018.12.12-16.57.54:169][  0]LogConfig: Applying CVar settings from Section [AntiAliasingQuality@3] File [C:/Users/Maciek/Desktop/Unreal-Engine-4/Study/Poradniki/SurvivalGame 4.21/Saved/Config/Windows/Scalability.ini]
[2018.12.12-16.57.54:169][  0]LogConfig: Setting CVar [[r.PostProcessAAQuality:4]]
[2018.12.12-16.57.54:169][  0]LogConfig: Applying CVar settings from Section [ShadowQuality@3] File [C:/Users/Maciek/Desktop/Unreal-Engine-4/Study/Poradniki/SurvivalGame 4.21/Saved/Config/Windows/Scalability.ini]
[2018.12.12-16.57.54:169][  0]LogConfig: Setting CVar [[r.LightFunctionQuality:1]]
[2018.12.12-16.57.54:169][  0]LogConfig: Setting CVar [[r.ShadowQuality:5]]
[2018.12.12-16.57.54:169][  0]LogConfig: Setting CVar [[r.Shadow.CSM.MaxCascades:10]]
[2018.12.12-16.57.54:169][  0]LogConfig: Setting CVar [[r.Shadow.MaxResolution:2048]]
[2018.12.12-16.57.54:169][  0]LogConfig: Setting CVar [[r.Shadow.MaxCSMResolution:2048]]
[2018.12.12-16.57.54:169][  0]LogConfig: Setting CVar [[r.Shadow.RadiusThreshold:0.01]]
[2018.12.12-16.57.54:169][  0]LogConfig: Setting CVar [[r.Shadow.DistanceScale:1.0]]
[2018.12.12-16.57.54:169][  0]LogConfig: Setting CVar [[r.Shadow.CSM.TransitionScale:1.0]]
[2018.12.12-16.57.54:169][  0]LogConfig: Setting CVar [[r.Shadow.PreShadowResolutionFactor:1.0]]
[2018.12.12-16.57.54:169][  0]LogConfig: Setting CVar [[r.DistanceFieldShadowing:1]]
[2018.12.12-16.57.54:169][  0]LogConfig: Setting CVar [[r.DistanceFieldAO:1]]
[2018.12.12-16.57.54:169][  0]LogConfig: Setting CVar [[r.AOQuality:2]]
[2018.12.12-16.57.54:169][  0]LogConfig: Setting CVar [[r.VolumetricFog:1]]
[2018.12.12-16.57.54:169][  0]LogConfig: Setting CVar [[r.VolumetricFog.GridPixelSize:8]]
[2018.12.12-16.57.54:169][  0]LogConfig: Setting CVar [[r.VolumetricFog.GridSizeZ:128]]
[2018.12.12-16.57.54:169][  0]LogConfig: Setting CVar [[r.VolumetricFog.HistoryMissSupersampleCount:4]]
[2018.12.12-16.57.54:169][  0]LogConfig: Setting CVar [[r.LightMaxDrawDistanceScale:1]]
[2018.12.12-16.57.54:169][  0]LogConfig: Setting CVar [[r.CapsuleShadows:1]]
[2018.12.12-16.57.54:169][  0]LogConfig: Applying CVar settings from Section [PostProcessQuality@3] File [C:/Users/Maciek/Desktop/Unreal-Engine-4/Study/Poradniki/SurvivalGame 4.21/Saved/Config/Windows/Scalability.ini]
[2018.12.12-16.57.54:169][  0]LogConfig: Setting CVar [[r.MotionBlurQuality:4]]
[2018.12.12-16.57.54:169][  0]LogConfig: Setting CVar [[r.AmbientOcclusionMipLevelFactor:0.4]]
[2018.12.12-16.57.54:169][  0]LogConfig: Setting CVar [[r.AmbientOcclusionMaxQuality:100]]
[2018.12.12-16.57.54:169][  0]LogConfig: Setting CVar [[r.AmbientOcclusionLevels:-1]]
[2018.12.12-16.57.54:169][  0]LogConfig: Setting CVar [[r.AmbientOcclusionRadiusScale:1.0]]
[2018.12.12-16.57.54:169][  0]LogConfig: Setting CVar [[r.DepthOfFieldQuality:2]]
[2018.12.12-16.57.54:169][  0]LogConfig: Setting CVar [[r.RenderTargetPoolMin:400]]
[2018.12.12-16.57.54:169][  0]LogConfig: Setting CVar [[r.LensFlareQuality:2]]
[2018.12.12-16.57.54:169][  0]LogConfig: Setting CVar [[r.SceneColorFringeQuality:1]]
[2018.12.12-16.57.54:169][  0]LogConfig: Setting CVar [[r.EyeAdaptationQuality:2]]
[2018.12.12-16.57.54:169][  0]LogConfig: Setting CVar [[r.BloomQuality:5]]
[2018.12.12-16.57.54:169][  0]LogConfig: Setting CVar [[r.FastBlurThreshold:100]]
[2018.12.12-16.57.54:169][  0]LogConfig: Setting CVar [[r.Upscale.Quality:3]]
[2018.12.12-16.57.54:169][  0]LogConfig: Setting CVar [[r.Tonemapper.GrainQuantization:1]]
[2018.12.12-16.57.54:169][  0]LogConfig: Setting CVar [[r.LightShaftQuality:1]]
[2018.12.12-16.57.54:169][  0]LogConfig: Setting CVar [[r.Filter.SizeScale:1]]
[2018.12.12-16.57.54:169][  0]LogConfig: Setting CVar [[r.Tonemapper.Quality:5]]
[2018.12.12-16.57.54:169][  0]LogConfig: Setting CVar [[r.DOF.Gather.AccumulatorQuality:1        ; higher gathering accumulator quality]]
[2018.12.12-16.57.54:169][  0]LogConfig: Setting CVar [[r.DOF.Gather.PostfilterMethod:1          ; Median3x3 postfilering method]]
[2018.12.12-16.57.54:169][  0]LogConfig: Setting CVar [[r.DOF.Gather.EnableBokehSettings:0       ; no bokeh simulation when gathering]]
[2018.12.12-16.57.54:169][  0]LogConfig: Setting CVar [[r.DOF.Gather.RingCount:4                 ; medium number of samples when gathering]]
[2018.12.12-16.57.54:169][  0]LogConfig: Setting CVar [[r.DOF.Scatter.ForegroundCompositing:1    ; additive foreground scattering]]
[2018.12.12-16.57.54:169][  0]LogConfig: Setting CVar [[r.DOF.Scatter.BackgroundCompositing:2    ; additive background scattering]]
[2018.12.12-16.57.54:169][  0]LogConfig: Setting CVar [[r.DOF.Scatter.EnableBokehSettings:1      ; bokeh simulation when scattering]]
[2018.12.12-16.57.54:169][  0]LogConfig: Setting CVar [[r.DOF.Scatter.MaxSpriteRatio:0.1         ; only a maximum of 10% of scattered bokeh]]
[2018.12.12-16.57.54:169][  0]LogConfig: Setting CVar [[r.DOF.Recombine.Quality:1                ; cheap slight out of focus]]
[2018.12.12-16.57.54:169][  0]LogConfig: Setting CVar [[r.DOF.Recombine.EnableBokehSettings:0    ; no bokeh simulation on slight out of focus]]
[2018.12.12-16.57.54:169][  0]LogConfig: Setting CVar [[r.DOF.TemporalAAQuality:1                ; more stable temporal accumulation]]
[2018.12.12-16.57.54:169][  0]LogConfig: Setting CVar [[r.DOF.Kernel.MaxForegroundRadius:0.025]]
[2018.12.12-16.57.54:169][  0]LogConfig: Setting CVar [[r.DOF.Kernel.MaxBackgroundRadius:0.025]]
[2018.12.12-16.57.54:169][  0]LogConfig: Applying CVar settings from Section [TextureQuality@3] File [C:/Users/Maciek/Desktop/Unreal-Engine-4/Study/Poradniki/SurvivalGame 4.21/Saved/Config/Windows/Scalability.ini]
[2018.12.12-16.57.54:169][  0]LogConfig: Setting CVar [[r.Streaming.MipBias:0]]
[2018.12.12-16.57.54:169][  0]LogConfig: Setting CVar [[r.Streaming.AmortizeCPUToGPUCopy:0]]
[2018.12.12-16.57.54:169][  0]LogConfig: Setting CVar [[r.Streaming.MaxNumTexturesToStreamPerFrame:0]]
[2018.12.12-16.57.54:169][  0]LogConfig: Setting CVar [[r.Streaming.Boost:1]]
[2018.12.12-16.57.54:169][  0]LogConfig: Setting CVar [[r.MaxAnisotropy:8]]
[2018.12.12-16.57.54:169][  0]LogConfig: Setting CVar [[r.Streaming.LimitPoolSizeToVRAM:0]]
[2018.12.12-16.57.54:169][  0]LogConfig: Setting CVar [[r.Streaming.PoolSize:1000]]
[2018.12.12-16.57.54:169][  0]LogConfig: Setting CVar [[r.Streaming.MaxEffectiveScreenSize:0]]
[2018.12.12-16.57.54:169][  0]LogConfig: Applying CVar settings from Section [EffectsQuality@3] File [C:/Users/Maciek/Desktop/Unreal-Engine-4/Study/Poradniki/SurvivalGame 4.21/Saved/Config/Windows/Scalability.ini]
[2018.12.12-16.57.54:169][  0]LogConfig: Setting CVar [[r.TranslucencyLightingVolumeDim:64]]
[2018.12.12-16.57.54:169][  0]LogConfig: Setting CVar [[r.RefractionQuality:2]]
[2018.12.12-16.57.54:169][  0]LogConfig: Setting CVar [[r.SSR.Quality:3]]
[2018.12.12-16.57.54:169][  0]LogConfig: Setting CVar [[r.SceneColorFormat:4]]
[2018.12.12-16.57.54:170][  0]LogConfig: Setting CVar [[r.DetailMode:2]]
[2018.12.12-16.57.54:170][  0]LogConfig: Setting CVar [[r.TranslucencyVolumeBlur:1]]
[2018.12.12-16.57.54:170][  0]LogConfig: Setting CVar [[r.MaterialQualityLevel:1 ; High quality]]
[2018.12.12-16.57.54:170][  0]LogConfig: Setting CVar [[r.SSS.Scale:1]]
[2018.12.12-16.57.54:170][  0]LogConfig: Setting CVar [[r.SSS.SampleSet:2]]
[2018.12.12-16.57.54:170][  0]LogConfig: Setting CVar [[r.SSS.Quality:1]]
[2018.12.12-16.57.54:170][  0]LogConfig: Setting CVar [[r.SSS.HalfRes:1]]
[2018.12.12-16.57.54:170][  0]LogConfig: Setting CVar [[r.EmitterSpawnRateScale:1.0]]
[2018.12.12-16.57.54:170][  0]LogConfig: Setting CVar [[r.ParticleLightQuality:2]]
[2018.12.12-16.57.54:170][  0]LogConfig: Applying CVar settings from Section [FoliageQuality@3] File [C:/Users/Maciek/Desktop/Unreal-Engine-4/Study/Poradniki/SurvivalGame 4.21/Saved/Config/Windows/Scalability.ini]
[2018.12.12-16.57.54:170][  0]LogConfig: Setting CVar [[foliage.DensityScale:1.0]]
[2018.12.12-16.57.54:170][  0]LogConfig: Setting CVar [[grass.DensityScale:1.0]]
[2018.12.12-16.57.54:170][  0]LogInit: Selected Device Profile: [Windows]
[2018.12.12-16.57.54:170][  0]LogInit: Applying CVar settings loaded from the selected device profile: [Windows]
[2018.12.12-16.57.54:175][  0]LogHAL: Display: Platform has ~ 8 GB [8539287552 / 8589934592 / 8], which maps to Default [LargestMinGB=32, LargerMinGB=12, DefaultMinGB=8, SmallerMinGB=6, SmallestMinGB=0)
[2018.12.12-16.57.54:175][  0]LogConfig: Setting CVar [[r.Vulkan.UseRealUBs:1]]
[2018.12.12-16.57.54:175][  0]LogInit: Going up to parent DeviceProfile []
[2018.12.12-16.57.54:176][  0]LogConfig: Applying CVar settings from Section [ViewDistanceQuality@3] File [C:/Users/Maciek/Desktop/Unreal-Engine-4/Study/Poradniki/SurvivalGame 4.21/Saved/Config/Windows/Scalability.ini]
[2018.12.12-16.57.54:176][  0]LogConfig: Setting CVar [[r.SkeletalMeshLODBias:0]]
[2018.12.12-16.57.54:176][  0]LogConfig: Setting CVar [[r.ViewDistanceScale:1.0]]
[2018.12.12-16.57.54:176][  0]LogConfig: Applying CVar settings from Section [AntiAliasingQuality@3] File [C:/Users/Maciek/Desktop/Unreal-Engine-4/Study/Poradniki/SurvivalGame 4.21/Saved/Config/Windows/Scalability.ini]
[2018.12.12-16.57.54:176][  0]LogConfig: Setting CVar [[r.PostProcessAAQuality:4]]
[2018.12.12-16.57.54:176][  0]LogConfig: Applying CVar settings from Section [ShadowQuality@3] File [C:/Users/Maciek/Desktop/Unreal-Engine-4/Study/Poradniki/SurvivalGame 4.21/Saved/Config/Windows/Scalability.ini]
[2018.12.12-16.57.54:176][  0]LogConfig: Setting CVar [[r.LightFunctionQuality:1]]
[2018.12.12-16.57.54:176][  0]LogConfig: Setting CVar [[r.ShadowQuality:5]]
[2018.12.12-16.57.54:176][  0]LogConfig: Setting CVar [[r.Shadow.CSM.MaxCascades:10]]
[2018.12.12-16.57.54:176][  0]LogConfig: Setting CVar [[r.Shadow.MaxResolution:2048]]
[2018.12.12-16.57.54:176][  0]LogConfig: Setting CVar [[r.Shadow.MaxCSMResolution:2048]]
[2018.12.12-16.57.54:176][  0]LogConfig: Setting CVar [[r.Shadow.RadiusThreshold:0.01]]
[2018.12.12-16.57.54:176][  0]LogConfig: Setting CVar [[r.Shadow.DistanceScale:1.0]]
[2018.12.12-16.57.54:176][  0]LogConfig: Setting CVar [[r.Shadow.CSM.TransitionScale:1.0]]
[2018.12.12-16.57.54:176][  0]LogConfig: Setting CVar [[r.Shadow.PreShadowResolutionFactor:1.0]]
[2018.12.12-16.57.54:176][  0]LogConfig: Setting CVar [[r.DistanceFieldShadowing:1]]
[2018.12.12-16.57.54:176][  0]LogConfig: Setting CVar [[r.DistanceFieldAO:1]]
[2018.12.12-16.57.54:176][  0]LogConfig: Setting CVar [[r.AOQuality:2]]
[2018.12.12-16.57.54:176][  0]LogConfig: Setting CVar [[r.VolumetricFog:1]]
[2018.12.12-16.57.54:176][  0]LogConfig: Setting CVar [[r.VolumetricFog.GridPixelSize:8]]
[2018.12.12-16.57.54:176][  0]LogConfig: Setting CVar [[r.VolumetricFog.GridSizeZ:128]]
[2018.12.12-16.57.54:176][  0]LogConfig: Setting CVar [[r.VolumetricFog.HistoryMissSupersampleCount:4]]
[2018.12.12-16.57.54:176][  0]LogConfig: Setting CVar [[r.LightMaxDrawDistanceScale:1]]
[2018.12.12-16.57.54:176][  0]LogConfig: Setting CVar [[r.CapsuleShadows:1]]
[2018.12.12-16.57.54:176][  0]LogConfig: Applying CVar settings from Section [PostProcessQuality@3] File [C:/Users/Maciek/Desktop/Unreal-Engine-4/Study/Poradniki/SurvivalGame 4.21/Saved/Config/Windows/Scalability.ini]
[2018.12.12-16.57.54:176][  0]LogConfig: Setting CVar [[r.MotionBlurQuality:4]]
[2018.12.12-16.57.54:176][  0]LogConfig: Setting CVar [[r.AmbientOcclusionMipLevelFactor:0.4]]
[2018.12.12-16.57.54:176][  0]LogConfig: Setting CVar [[r.AmbientOcclusionMaxQuality:100]]
[2018.12.12-16.57.54:176][  0]LogConfig: Setting CVar [[r.AmbientOcclusionLevels:-1]]
[2018.12.12-16.57.54:176][  0]LogConfig: Setting CVar [[r.AmbientOcclusionRadiusScale:1.0]]
[2018.12.12-16.57.54:176][  0]LogConfig: Setting CVar [[r.DepthOfFieldQuality:2]]
[2018.12.12-16.57.54:176][  0]LogConfig: Setting CVar [[r.RenderTargetPoolMin:400]]
[2018.12.12-16.57.54:176][  0]LogConfig: Setting CVar [[r.LensFlareQuality:2]]
[2018.12.12-16.57.54:176][  0]LogConfig: Setting CVar [[r.SceneColorFringeQuality:1]]
[2018.12.12-16.57.54:176][  0]LogConfig: Setting CVar [[r.EyeAdaptationQuality:2]]
[2018.12.12-16.57.54:176][  0]LogConfig: Setting CVar [[r.BloomQuality:5]]
[2018.12.12-16.57.54:176][  0]LogConfig: Setting CVar [[r.FastBlurThreshold:100]]
[2018.12.12-16.57.54:176][  0]LogConfig: Setting CVar [[r.Upscale.Quality:3]]
[2018.12.12-16.57.54:176][  0]LogConfig: Setting CVar [[r.Tonemapper.GrainQuantization:1]]
[2018.12.12-16.57.54:176][  0]LogConfig: Setting CVar [[r.LightShaftQuality:1]]
[2018.12.12-16.57.54:176][  0]LogConfig: Setting CVar [[r.Filter.SizeScale:1]]
[2018.12.12-16.57.54:176][  0]LogConfig: Setting CVar [[r.Tonemapper.Quality:5]]
[2018.12.12-16.57.54:176][  0]LogConfig: Setting CVar [[r.DOF.Gather.AccumulatorQuality:1        ; higher gathering accumulator quality]]
[2018.12.12-16.57.54:176][  0]LogConfig: Setting CVar [[r.DOF.Gather.PostfilterMethod:1          ; Median3x3 postfilering method]]
[2018.12.12-16.57.54:176][  0]LogConfig: Setting CVar [[r.DOF.Gather.EnableBokehSettings:0       ; no bokeh simulation when gathering]]
[2018.12.12-16.57.54:176][  0]LogConfig: Setting CVar [[r.DOF.Gather.RingCount:4                 ; medium number of samples when gathering]]
[2018.12.12-16.57.54:176][  0]LogConfig: Setting CVar [[r.DOF.Scatter.ForegroundCompositing:1    ; additive foreground scattering]]
[2018.12.12-16.57.54:176][  0]LogConfig: Setting CVar [[r.DOF.Scatter.BackgroundCompositing:2    ; additive background scattering]]
[2018.12.12-16.57.54:176][  0]LogConfig: Setting CVar [[r.DOF.Scatter.EnableBokehSettings:1      ; bokeh simulation when scattering]]
[2018.12.12-16.57.54:176][  0]LogConfig: Setting CVar [[r.DOF.Scatter.MaxSpriteRatio:0.1         ; only a maximum of 10% of scattered bokeh]]
[2018.12.12-16.57.54:176][  0]LogConfig: Setting CVar [[r.DOF.Recombine.Quality:1                ; cheap slight out of focus]]
[2018.12.12-16.57.54:176][  0]LogConfig: Setting CVar [[r.DOF.Recombine.EnableBokehSettings:0    ; no bokeh simulation on slight out of focus]]
[2018.12.12-16.57.54:176][  0]LogConfig: Setting CVar [[r.DOF.TemporalAAQuality:1                ; more stable temporal accumulation]]
[2018.12.12-16.57.54:176][  0]LogConfig: Setting CVar [[r.DOF.Kernel.MaxForegroundRadius:0.025]]
[2018.12.12-16.57.54:176][  0]LogConfig: Setting CVar [[r.DOF.Kernel.MaxBackgroundRadius:0.025]]
[2018.12.12-16.57.54:176][  0]LogConfig: Applying CVar settings from Section [TextureQuality@3] File [C:/Users/Maciek/Desktop/Unreal-Engine-4/Study/Poradniki/SurvivalGame 4.21/Saved/Config/Windows/Scalability.ini]
[2018.12.12-16.57.54:176][  0]LogConfig: Setting CVar [[r.Streaming.MipBias:0]]
[2018.12.12-16.57.54:176][  0]LogConfig: Setting CVar [[r.Streaming.AmortizeCPUToGPUCopy:0]]
[2018.12.12-16.57.54:176][  0]LogConfig: Setting CVar [[r.Streaming.MaxNumTexturesToStreamPerFrame:0]]
[2018.12.12-16.57.54:176][  0]LogConfig: Setting CVar [[r.Streaming.Boost:1]]
[2018.12.12-16.57.54:176][  0]LogConfig: Setting CVar [[r.MaxAnisotropy:8]]
[2018.12.12-16.57.54:176][  0]LogConfig: Setting CVar [[r.Streaming.LimitPoolSizeToVRAM:0]]
[2018.12.12-16.57.54:176][  0]LogConfig: Setting CVar [[r.Streaming.PoolSize:1000]]
[2018.12.12-16.57.54:176][  0]LogConfig: Setting CVar [[r.Streaming.MaxEffectiveScreenSize:0]]
[2018.12.12-16.57.54:176][  0]LogConfig: Applying CVar settings from Section [EffectsQuality@3] File [C:/Users/Maciek/Desktop/Unreal-Engine-4/Study/Poradniki/SurvivalGame 4.21/Saved/Config/Windows/Scalability.ini]
[2018.12.12-16.57.54:176][  0]LogConfig: Setting CVar [[r.TranslucencyLightingVolumeDim:64]]
[2018.12.12-16.57.54:176][  0]LogConfig: Setting CVar [[r.RefractionQuality:2]]
[2018.12.12-16.57.54:176][  0]LogConfig: Setting CVar [[r.SSR.Quality:3]]
[2018.12.12-16.57.54:176][  0]LogConfig: Setting CVar [[r.SceneColorFormat:4]]
[2018.12.12-16.57.54:176][  0]LogConfig: Setting CVar [[r.DetailMode:2]]
[2018.12.12-16.57.54:176][  0]LogConfig: Setting CVar [[r.TranslucencyVolumeBlur:1]]
[2018.12.12-16.57.54:176][  0]LogConfig: Setting CVar [[r.MaterialQualityLevel:1 ; High quality]]
[2018.12.12-16.57.54:176][  0]LogConfig: Setting CVar [[r.SSS.Scale:1]]
[2018.12.12-16.57.54:176][  0]LogConfig: Setting CVar [[r.SSS.SampleSet:2]]
[2018.12.12-16.57.54:176][  0]LogConfig: Setting CVar [[r.SSS.Quality:1]]
[2018.12.12-16.57.54:176][  0]LogConfig: Setting CVar [[r.SSS.HalfRes:1]]
[2018.12.12-16.57.54:176][  0]LogConfig: Setting CVar [[r.EmitterSpawnRateScale:1.0]]
[2018.12.12-16.57.54:176][  0]LogConfig: Setting CVar [[r.ParticleLightQuality:2]]
[2018.12.12-16.57.54:176][  0]LogConfig: Applying CVar settings from Section [FoliageQuality@3] File [C:/Users/Maciek/Desktop/Unreal-Engine-4/Study/Poradniki/SurvivalGame 4.21/Saved/Config/Windows/Scalability.ini]
[2018.12.12-16.57.54:176][  0]LogConfig: Setting CVar [[foliage.DensityScale:1.0]]
[2018.12.12-16.57.54:176][  0]LogConfig: Setting CVar [[grass.DensityScale:1.0]]
[2018.12.12-16.57.54:176][  0]LogConfig: Applying CVar settings from Section [Startup] File [../../../Engine/Config/ConsoleVariables.ini]
[2018.12.12-16.57.54:177][  0]LogConfig: Setting CVar [[net.UseAdaptiveNetUpdateFrequency:0]]
[2018.12.12-16.57.54:177][  0]LogConfig: Applying CVar settings from Section [ConsoleVariables] File [C:/Users/Maciek/Desktop/Unreal-Engine-4/Study/Poradniki/SurvivalGame 4.21/Saved/Config/Windows/Engine.ini]
[2018.12.12-16.57.54:177][  0]LogInit: Computer: ZALMANMR
[2018.12.12-16.57.54:177][  0]LogInit: User: Maciek
[2018.12.12-16.57.54:177][  0]LogInit: CPU Page size=4096, Cores=4
[2018.12.12-16.57.54:177][  0]LogInit: High frequency timer resolution =3.906308 MHz
[2018.12.12-16.57.54:177][  0]LogMemory: Memory total: Physical=8.0GB (8GB approx)
[2018.12.12-16.57.54:177][  0]LogMemory: Platform Memory Stats for Windows
[2018.12.12-16.57.54:177][  0]LogMemory: Process Physical Memory: 104.05 MB used, 104.05 MB peak
[2018.12.12-16.57.54:177][  0]LogMemory: Process Virtual Memory: 91.66 MB used, 91.66 MB peak
[2018.12.12-16.57.54:177][  0]LogMemory: Physical Memory: 5109.67 MB used,  3034.03 MB free, 8143.70 MB total
[2018.12.12-16.57.54:177][  0]LogMemory: Virtual Memory: 484.04 MB used,  8388124.00 MB free, 8388608.00 MB total
[2018.12.12-16.57.54:201][  0]LogInit: Using OS detected language (en-US).
[2018.12.12-16.57.54:201][  0]LogInit: Using OS detected locale (en-US).
[2018.12.12-16.57.54:201][  0]LogTextLocalizationManager: No specific localization for 'en-US' exists, so the 'en' localization will be used.
[2018.12.12-16.57.54:567][  0]LogStreaming: Display: Took  0.366s to InitEngineTextLocalization.
[2018.12.12-16.57.54:567][  0]LogWindows: Failed to load 'shcore.dll' (GetLastError=126)
[2018.12.12-16.57.54:567][  0]LogWindows: File 'shcore.dll' does not exist
[2018.12.12-16.57.54:567][  0]LogInit: Setting process to DPI aware
[2018.12.12-16.57.54:592][  0]LogSlate: New Slate User Created.  User Index 0, Is Virtual User: 0
[2018.12.12-16.57.54:592][  0]LogSlate: Slate User Registered.  User Index 0, Is Virtual User: 0
[2018.12.12-16.57.54:760][  0]LogHMD: Failed to initialize OpenVR with code 110
[2018.12.12-16.57.54:760][  0]LogD3D11RHI: D3D11 adapters:
[2018.12.12-16.57.54:793][  0]LogD3D11RHI:    0. 'NVIDIA GeForce GTX 970' (Feature Level 11_0)
[2018.12.12-16.57.54:793][  0]LogD3D11RHI:       3992/0/3815 MB DedicatedVideo/DedicatedSystem/SharedSystem, Outputs:2, VendorId:0x10de
[2018.12.12-16.57.54:793][  0]LogD3D11RHI: Chosen D3D11 Adapter: 0
[2018.12.12-16.57.54:799][  0]LogD3D11RHI: Creating new Direct3DDevice
[2018.12.12-16.57.54:799][  0]LogD3D11RHI:     GPU DeviceId: 0x13c2 (for the marketing name, search the web for "GPU Device Id")
[2018.12.12-16.57.54:799][  0]LogWindows: EnumDisplayDevices:
[2018.12.12-16.57.54:799][  0]LogWindows:    0. 'NVIDIA GeForce GTX 970' (P:1 D:1)
[2018.12.12-16.57.54:799][  0]LogWindows:    1. 'NVIDIA GeForce GTX 970' (P:0 D:1)
[2018.12.12-16.57.54:800][  0]LogWindows:    2. 'NVIDIA GeForce GTX 970' (P:0 D:0)
[2018.12.12-16.57.54:800][  0]LogWindows:    3. 'NVIDIA GeForce GTX 970' (P:0 D:0)
[2018.12.12-16.57.54:800][  0]LogWindows:    4. 'RDPDD Chained DD' (P:0 D:0)
[2018.12.12-16.57.54:800][  0]LogWindows:    5. 'RDP Encoder Mirror Driver' (P:0 D:0)
[2018.12.12-16.57.54:800][  0]LogWindows:    6. 'RDP Reflector Display Driver' (P:0 D:0)
[2018.12.12-16.57.54:801][  0]LogWindows: DebugString: GetVideoDriverDetailsInvalid PrimaryIsNotTheChoosenAdapter GetVideoDriverDetailsInvalid PrimaryIsNotTheChoosenAdapter GetVideoDriverDetailsInvalid PrimaryIsNotTheChoosenAdapter FoundDriverCount:4 
[2018.12.12-16.57.54:801][  0]LogD3D11RHI:     Adapter Name: NVIDIA GeForce GTX 970
[2018.12.12-16.57.54:801][  0]LogD3D11RHI:   Driver Version: 391.35 (internal:23.21.13.9135, unified:391.35)
[2018.12.12-16.57.54:801][  0]LogD3D11RHI:      Driver Date: 3-23-2018
[2018.12.12-16.57.54:801][  0]LogRHI: Texture pool is 2794 MB (70% of 3992 MB)
[2018.12.12-16.57.54:815][  0]LogD3D11RHI: Async texture creation enabled
[2018.12.12-16.57.54:829][  0]LogD3D11RHI: GPU Timing Frequency: 1000.000000 (Debug: 2 2)
[2018.12.12-16.57.55:156][  0]LogTemp: Display: Loaded TP AllDesktopTargetPlatform
[2018.12.12-16.57.55:170][  0]LogTemp: Display: Loaded TP MacClientTargetPlatform
[2018.12.12-16.57.55:185][  0]LogTemp: Display: Loaded TP MacNoEditorTargetPlatform
[2018.12.12-16.57.55:197][  0]LogTemp: Display: Loaded TP MacServerTargetPlatform
[2018.12.12-16.57.55:214][  0]LogTemp: Display: Loaded TP MacTargetPlatform
[2018.12.12-16.57.55:228][  0]LogTemp: Display: Loaded TP WindowsClientTargetPlatform
[2018.12.12-16.57.55:243][  0]LogTemp: Display: Loaded TP WindowsNoEditorTargetPlatform
[2018.12.12-16.57.55:254][  0]LogTemp: Display: Loaded TP WindowsServerTargetPlatform
[2018.12.12-16.57.55:260][  0]LogTemp: Display: Loaded TP WindowsTargetPlatform
[2018.12.12-16.57.55:328][  0]LogTemp: Display: Loaded TP AndroidTargetPlatform
[2018.12.12-16.57.55:328][  0]LogTemp: Display: Loaded TP AndroidTargetPlatform
[2018.12.12-16.57.55:328][  0]LogTemp: Display: Loaded TP AndroidTargetPlatform
[2018.12.12-16.57.55:328][  0]LogTemp: Display: Loaded TP AndroidTargetPlatform
[2018.12.12-16.57.55:328][  0]LogTemp: Display: Loaded TP AndroidTargetPlatform
[2018.12.12-16.57.55:329][  0]LogTemp: Display: Loaded TP AndroidTargetPlatform
[2018.12.12-16.57.55:329][  0]LogTemp: Display: Loaded TP AndroidTargetPlatform
[2018.12.12-16.57.55:329][  0]LogTemp: Display: Loaded TP AndroidTargetPlatform
[2018.12.12-16.57.55:329][  0]LogTemp: Display: Loaded TP AndroidTargetPlatform
[2018.12.12-16.57.55:329][  0]LogTemp: Display: Loaded TP AndroidTargetPlatform
[2018.12.12-16.57.55:329][  0]LogTemp: Display: Loaded TP AndroidTargetPlatform
[2018.12.12-16.57.55:329][  0]LogTemp: Display: Loaded TP AndroidTargetPlatform
[2018.12.12-16.57.55:329][  0]LogTemp: Display: Loaded TP AndroidTargetPlatform
[2018.12.12-16.57.55:329][  0]LogTemp: Display: Loaded TP AndroidTargetPlatform
[2018.12.12-16.57.55:329][  0]LogTemp: Display: Loaded TP AndroidTargetPlatform
[2018.12.12-16.57.55:329][  0]LogTemp: Display: Loaded TP AndroidTargetPlatform
[2018.12.12-16.57.55:329][  0]LogTemp: Display: Loaded TP AndroidTargetPlatform
[2018.12.12-16.57.55:329][  0]LogTemp: Display: Loaded TP AndroidTargetPlatform
[2018.12.12-16.57.55:330][  0]LogTemp: Display: Loaded TP HTML5TargetPlatform
[2018.12.12-16.57.55:383][  0]LogTemp: Display: Loaded TP IOSTargetPlatform
[2018.12.12-16.57.55:383][  0]LogTemp: Display: Loaded TP IOSTargetPlatform
[2018.12.12-16.57.55:404][  0]LogTemp: Display: Loaded TP TVOSTargetPlatform
[2018.12.12-16.57.55:404][  0]LogTemp: Display: Loaded TP TVOSTargetPlatform
[2018.12.12-16.57.55:416][  0]LogTemp: Display: Loaded TP LinuxClientTargetPlatform
[2018.12.12-16.57.55:426][  0]LogTemp: Display: Loaded TP LinuxNoEditorTargetPlatform
[2018.12.12-16.57.55:437][  0]LogTemp: Display: Loaded TP LinuxServerTargetPlatform
[2018.12.12-16.57.55:448][  0]LogTemp: Display: Loaded TP LinuxTargetPlatform
[2018.12.12-16.57.55:493][  0]LogTemp: Display: Loaded TP LuminTargetPlatform
[2018.12.12-16.57.55:493][  0]LogTemp: Display: Loaded TP LuminTargetPlatform
[2018.12.12-16.57.55:493][  0]LogTargetPlatformManager: Display: Building Assets For Windows
[2018.12.12-16.57.55:540][  0]LogShaderCompilers: Guid format shader working directory is -26 characters bigger than the processId version (C:/Users/Maciek/Desktop/Unreal-Engine-4/Study/Poradniki/SurvivalGame 4.21/Intermediate/Shaders/WorkingDirectory/9424/).
[2018.12.12-16.57.55:540][  0]LogShaderCompilers: Cleaned the shader compiler working directory 'C:/Users/Maciek/AppData/Local/Temp/UnrealShaderWorkingDir/01AA53F3460CE745D3017588C30269EE/'.
[2018.12.12-16.57.55:542][  0]LogXGEController: Cleaning working directory: C:/Users/Maciek/AppData/Local/Temp/UnrealXGEWorkingDir/
[2018.12.12-16.57.55:543][  0]LogXGEController: Cannot use XGE Controller as Incredibuild is not installed on this machine.
[2018.12.12-16.57.55:543][  0]LogShaderCompilers: Cannot use XGE Shader Compiler as Incredibuild is not installed on this machine.
[2018.12.12-16.57.55:543][  0]LogShaderCompilers: Display: Using Local Shader Compiler.
[2018.12.12-16.57.56:052][  0]LogDerivedDataCache: Display: Max Cache Size: 512 MB
[2018.12.12-16.57.56:114][  0]LogDerivedDataCache: Loaded boot cache 0.06s 71MB C:/Users/Maciek/AppData/Local/UnrealEngine/4.21/DerivedDataCache/Boot.ddc.
[2018.12.12-16.57.56:114][  0]LogDerivedDataCache: Display: Loaded Boot cache: C:/Users/Maciek/AppData/Local/UnrealEngine/4.21/DerivedDataCache/Boot.ddc
[2018.12.12-16.57.56:114][  0]LogDerivedDataCache: FDerivedDataBackendGraph:  Pak pak cache file C:/Users/Maciek/Desktop/Unreal-Engine-4/Study/Poradniki/SurvivalGame 4.21/DerivedDataCache/DDC.ddp not found, will not use a pak cache.
[2018.12.12-16.57.56:114][  0]LogDerivedDataCache: Unable to find inner node Pak for hierarchical cache Hierarchy.
[2018.12.12-16.57.56:114][  0]LogDerivedDataCache: FDerivedDataBackendGraph:  CompressedPak pak cache file C:/Users/Maciek/Desktop/Unreal-Engine-4/Study/Poradniki/SurvivalGame 4.21/DerivedDataCache/Compressed.ddp not found, will not use a pak cache.
[2018.12.12-16.57.56:114][  0]LogDerivedDataCache: Unable to find inner node CompressedPak for hierarchical cache Hierarchy.
[2018.12.12-16.57.56:135][  0]LogDerivedDataCache: Display: Pak cache opened for reading ../../../Engine/DerivedDataCache/Compressed.ddp.
[2018.12.12-16.57.56:135][  0]LogDerivedDataCache: FDerivedDataBackendGraph:  EnterprisePak pak cache file ../../../Enterprise/DerivedDataCache/Compressed.ddp not found, will not use a pak cache.
[2018.12.12-16.57.56:136][  0]LogDerivedDataCache: Unable to find inner node EnterprisePak for hierarchical cache Hierarchy.
[2018.12.12-16.57.56:147][  0]LogDerivedDataCache: Using Local data cache path C:/Users/Maciek/AppData/Local/UnrealEngine/Common/DerivedDataCache: Writable
[2018.12.12-16.57.56:147][  0]LogDerivedDataCache: Shared data cache path not found in *engine.ini, will not use an Shared cache.
[2018.12.12-16.57.56:147][  0]LogDerivedDataCache: Unable to find inner node Shared for hierarchical cache Hierarchy.
[2018.12.12-16.57.56:173][  0]LogMaterial: Verifying Global Shaders for PCD3D_SM5
[2018.12.12-16.57.56:175][  0]LogSlate: Using FreeType 2.6.0
[2018.12.12-16.57.56:176][  0]LogSlate: SlateFontServices - WITH_FREETYPE: 1, WITH_HARFBUZZ: 1
[2018.12.12-16.57.56:273][  0]LogAssetRegistry: FAssetRegistry took 0.0327 seconds to start up
[2018.12.12-16.57.56:592][  0]LogInit: Selected Device Profile: [Windows]
[2018.12.12-16.57.56:749][  0]LogSimplygon: Simplygon DLL not present - disabling.
[2018.12.12-16.57.56:752][  0]LogMeshReduction: Using SimplygonSwarm for distributed automatic mesh merging
[2018.12.12-16.57.56:752][  0]LogMeshReduction: Using ProxyLODMeshReduction for automatic mesh merging
[2018.12.12-16.57.56:752][  0]LogMeshReduction: Using QuadricMeshReduction for automatic static mesh reduction
[2018.12.12-16.57.56:752][  0]LogMeshReduction: No automatic skeletal mesh reduction module available
[2018.12.12-16.57.56:766][  0]LogNetVersion: SurvivalGame 1.0.0, NetCL: 4541578, EngineNetVer: 5, GameNetVer: 0 (Checksum: 565486502)
[2018.12.12-16.57.57:289][  0]LogPackageLocalizationCache: Processed 11 localized package path(s) for 2 prioritized culture(s) in 0.069175 seconds
[2018.12.12-16.57.57:295][  0]LogUObjectArray: 39775 objects as part of root set at end of initial load.
[2018.12.12-16.57.57:295][  0]LogUObjectAllocator: 6914656 out of 0 bytes used by permanent object pool.
[2018.12.12-16.57.57:295][  0]LogUObjectArray: CloseDisregardForGC: 0/0 objects in disregard for GC pool
[2018.12.12-16.57.58:080][  0]LogTcpMessaging: Initializing TcpMessaging bridge
[2018.12.12-16.57.58:092][  0]LogUdpMessaging: Initializing bridge on interface 0.0.0.0:0 to multicast group 230.0.0.1:6666.
[2018.12.12-16.57.58:708][  0]SourceControl: Source control is disabled
[2018.12.12-16.57.58:708][  0]SourceControl: Source control is disabled
[2018.12.12-16.57.58:709][  0]SourceControl: Source control is disabled
[2018.12.12-16.57.58:709][  0]SourceControl: Source control is disabled
[2018.12.12-16.57.58:847][  0]LogAndroidPermission: UAndroidPermissionCallbackProxy::GetInstance
[2018.12.12-16.57.58:900][  0]LogOcInput: OculusInput pre-init called
[2018.12.12-16.57.59:031][  0]LogEngine: Initializing Engine...
[2018.12.12-16.57.59:032][  0]LogHMD: Failed to initialize OpenVR with code 110
[2018.12.12-16.57.59:033][  0]LogStats: UGameplayTagsManager::ConstructGameplayTagTree: ImportINI prefixes -  0.000 s
[2018.12.12-16.57.59:033][  0]LogStats: UGameplayTagsManager::ConstructGameplayTagTree: Construct from data asset -  0.000 s
[2018.12.12-16.57.59:033][  0]LogStats: UGameplayTagsManager::ConstructGameplayTagTree: ImportINI -  0.000 s
[2018.12.12-16.57.59:033][  0]LogStats: UGameplayTagsManager::ConstructGameplayTagTree: GameplayTagTreeChangedEvent.Broadcast -  0.000 s
[2018.12.12-16.57.59:305][  0]LogInit: Initializing FReadOnlyCVARCache
[2018.12.12-16.57.59:318][  0]LogAIModule: Creating AISystem for world Untitled
[2018.12.12-16.57.59:343][  0]LogInit: XAudio2 using 'Głośniki (Razer Surround Audio Controller)' : 6 channels at 48 kHz using 16 bits per sample (channel mask 0x3f)
[2018.12.12-16.57.59:349][  0]LogInit: FAudioDevice initialized.
[2018.12.12-16.57.59:349][  0]LogNetVersion: Set ProjectVersion to 1.0.0.0. Version Checksum will be recalculated on next use.
[2018.12.12-16.57.59:463][  0]LogDerivedDataCache: Saved boot cache 0.11s 71MB C:/Users/Maciek/AppData/Local/UnrealEngine/4.21/DerivedDataCache/Boot.ddc.
[2018.12.12-16.57.59:463][  0]LogInit: Texture streaming: Enabled
[2018.12.12-16.57.59:479][  0]LogEngineSessionManager: EngineSessionManager initialized
[2018.12.12-16.57.59:489][  0]LogInit: Transaction tracking system initialized
[2018.12.12-16.57.59:512][  0]BlueprintLog: New page: Editor Load
[2018.12.12-16.57.59:586][  0]LocalizationService: Localization service is disabled
[2018.12.12-16.58.00:032][  0]LogFileCache: Scanning file cache for directory 'C:/Users/Maciek/Desktop/Unreal-Engine-4/Study/Poradniki/SurvivalGame 4.21/Content/' took 0.01s
[2018.12.12-16.58.00:032][  0]LogCook: Display: Max memory allowance for cook 16384mb min free memory 0mb
[2018.12.12-16.58.00:032][  0]LogCook: Display: Mobile HDR setting 1
[2018.12.12-16.58.00:032][  0]LogGameplayTags: Display: UGameplayTagsManager::DoneAddingNativeTags. DelegateIsBound: 0
[2018.12.12-16.58.00:032][  0]LogStats: UGameplayTagsManager::ConstructGameplayTagTree: ImportINI prefixes -  0.000 s
[2018.12.12-16.58.00:032][  0]LogStats: UGameplayTagsManager::ConstructGameplayTagTree: Construct from data asset -  0.000 s
[2018.12.12-16.58.00:033][  0]LogStats: UGameplayTagsManager::ConstructGameplayTagTree: ImportINI -  0.000 s
[2018.12.12-16.58.00:033][  0]LogStats: UGameplayTagsManager::ConstructGameplayTagTree: GameplayTagTreeChangedEvent.Broadcast -  0.000 s
[2018.12.12-16.58.00:157][  0]SourceControl: Source control is disabled
[2018.12.12-16.58.00:157][  0]Cmd: MAP LOAD FILE="C:/Users/Maciek/Desktop/Unreal-Engine-4/Study/Poradniki/SurvivalGame 4.21/Content/Maps/SurvivalMap.umap" TEMPLATE=0 SHOWPROGRESS=1 FEATURELEVEL=3
[2018.12.12-16.58.00:157][  0]LightingResults: New page: Lighting Build
[2018.12.12-16.58.00:160][  0]MapCheck: New page: Map Check
[2018.12.12-16.58.00:160][  0]LightingResults: New page: Lighting Build
[2018.12.12-16.58.00:328][  0]LogAIModule: Creating AISystem for world SurvivalMap
[2018.12.12-16.58.00:332][  0]LogEditorServer: Finished looking for orphan Actors (0.000 secs)
[2018.12.12-16.58.00:351][  0]Cmd: MAP CHECKDEP NOCLEARLOG
[2018.12.12-16.58.00:351][  0]MapCheck: Map check complete: 0 Error(s), 0 Warning(s), took 0.105ms to complete.
[2018.12.12-16.58.00:351][  0]LogFileHelpers: Loading map 'SurvivalMap' took 0.194
[2018.12.12-16.58.00:438][  0]LogSlate: Updating window title bar state: overlay mode, drag disabled, window buttons hidden, title bar hidden
[2018.12.12-16.58.00:445][  0]LogSlate: Updating window title bar state: overlay mode, drag disabled, window buttons hidden, title bar hidden
[2018.12.12-16.58.00:451][  0]LogSlate: Updating window title bar state: overlay mode, drag disabled, window buttons hidden, title bar hidden
[2018.12.12-16.58.00:457][  0]LogSlate: Updating window title bar state: overlay mode, drag disabled, window buttons hidden, title bar hidden
[2018.12.12-16.58.00:463][  0]LogCollectionManager: Loaded 0 collections in 0.001714 seconds
[2018.12.12-16.58.00:486][  0]LogFileCache: Scanning file cache for directory 'C:/Users/Maciek/Desktop/Unreal-Engine-4/Study/Poradniki/SurvivalGame 4.21/Saved/Collections/' took 0.01s
[2018.12.12-16.58.00:486][  0]LogFileCache: Scanning file cache for directory 'C:/Users/Maciek/Desktop/Unreal-Engine-4/Study/Poradniki/SurvivalGame 4.21/Content/Developers/Maciek/Collections/' took 0.01s
[2018.12.12-16.58.00:486][  0]LogFileCache: Scanning file cache for directory 'C:/Users/Maciek/Desktop/Unreal-Engine-4/Study/Poradniki/SurvivalGame 4.21/Content/Collections/' took 0.00s
[2018.12.12-16.58.00:486][  0]LogCollectionManager: Rebuilt the GUID cache for 0 collections in 0.000000 seconds
[2018.12.12-16.58.00:494][  0]LogContentBrowser: Native class hierarchy populated in 0.0075 seconds. Added 2651 classes and 620 folders.
[2018.12.12-16.58.00:499][  0]LogContentBrowser: Native class hierarchy updated for 'WidgetCarousel' in 0.0002 seconds. Added 0 classes and 0 folders.
[2018.12.12-16.58.00:500][  0]LogPakFile: Registered encryption key '00000000000000000000000000000000': 0 pak files mounted, 0 remain pending
[2018.12.12-16.58.00:500][  0]LogPakFile: Registered encryption key '00000000000000000000000000000000': 0 pak files mounted, 0 remain pending
[2018.12.12-16.58.00:500][  0]LogPakFile: Registered encryption key '00000000000000000000000000000000': 0 pak files mounted, 0 remain pending
[2018.12.12-16.58.00:501][  0]LogPakFile: Registered encryption key '00000000000000000000000000000000': 0 pak files mounted, 0 remain pending
[2018.12.12-16.58.00:501][  0]LogPakFile: Registered encryption key '00000000000000000000000000000000': 0 pak files mounted, 0 remain pending
[2018.12.12-16.58.00:501][  0]LogPakFile: Registered encryption key '00000000000000000000000000000000': 0 pak files mounted, 0 remain pending
[2018.12.12-16.58.00:502][  0]LogPakFile: Registered encryption key '00000000000000000000000000000000': 0 pak files mounted, 0 remain pending
[2018.12.12-16.58.00:502][  0]LogPakFile: Registered encryption key '00000000000000000000000000000000': 0 pak files mounted, 0 remain pending
[2018.12.12-16.58.00:502][  0]LogPakFile: Registered encryption key '00000000000000000000000000000000': 0 pak files mounted, 0 remain pending
[2018.12.12-16.58.00:503][  0]LogPakFile: Registered encryption key '00000000000000000000000000000000': 0 pak files mounted, 0 remain pending
[2018.12.12-16.58.00:503][  0]LogPakFile: Registered encryption key '00000000000000000000000000000000': 0 pak files mounted, 0 remain pending
[2018.12.12-16.58.00:503][  0]LogPakFile: Registered encryption key '00000000000000000000000000000000': 0 pak files mounted, 0 remain pending
[2018.12.12-16.58.00:503][  0]LogPakFile: Registered encryption key '00000000000000000000000000000000': 0 pak files mounted, 0 remain pending
[2018.12.12-16.58.00:504][  0]LogPakFile: Registered encryption key '00000000000000000000000000000000': 0 pak files mounted, 0 remain pending
[2018.12.12-16.58.00:504][  0]LogPakFile: Registered encryption key '00000000000000000000000000000000': 0 pak files mounted, 0 remain pending
[2018.12.12-16.58.00:504][  0]LogPakFile: Registered encryption key '00000000000000000000000000000000': 0 pak files mounted, 0 remain pending
[2018.12.12-16.58.00:505][  0]LogPakFile: Registered encryption key '00000000000000000000000000000000': 0 pak files mounted, 0 remain pending
[2018.12.12-16.58.00:505][  0]LogPakFile: Registered encryption key '00000000000000000000000000000000': 0 pak files mounted, 0 remain pending
[2018.12.12-16.58.00:506][  0]LogPakFile: Registered encryption key '00000000000000000000000000000000': 0 pak files mounted, 0 remain pending
[2018.12.12-16.58.00:506][  0]LogPakFile: Registered encryption key '00000000000000000000000000000000': 0 pak files mounted, 0 remain pending
[2018.12.12-16.58.00:506][  0]LogPakFile: Registered encryption key '00000000000000000000000000000000': 0 pak files mounted, 0 remain pending
[2018.12.12-16.58.00:507][  0]LogPakFile: Registered encryption key '00000000000000000000000000000000': 0 pak files mounted, 0 remain pending
[2018.12.12-16.58.00:507][  0]LogPakFile: Registered encryption key '00000000000000000000000000000000': 0 pak files mounted, 0 remain pending
[2018.12.12-16.58.00:508][  0]LogPakFile: Registered encryption key '00000000000000000000000000000000': 0 pak files mounted, 0 remain pending
[2018.12.12-16.58.00:508][  0]LogPakFile: Registered encryption key '00000000000000000000000000000000': 0 pak files mounted, 0 remain pending
[2018.12.12-16.58.00:509][  0]LogPakFile: Registered encryption key '00000000000000000000000000000000': 0 pak files mounted, 0 remain pending
[2018.12.12-16.58.00:542][  0]LogContentBrowser: Native class hierarchy updated for 'AddContentDialog' in 0.0002 seconds. Added 0 classes and 0 folders.
[2018.12.12-16.58.00:547][  0]LogContentBrowser: Native class hierarchy updated for 'SceneOutliner' in 0.0002 seconds. Added 1 classes and 2 folders.
[2018.12.12-16.58.00:563][  0]LogSlate: FSceneViewport::OnFocusLost() reason 2
[2018.12.12-16.58.00:575][  0]LogSlate: Window 'Tutorials' being destroyed
[2018.12.12-16.58.00:601][  0]LogContentBrowser: Native class hierarchy updated for 'HierarchicalLODOutliner' in 0.0002 seconds. Added 0 classes and 0 folders.
[2018.12.12-16.58.00:601][  0]LogLoad: (Engine Initialization) Total time: 7.89 seconds
[2018.12.12-16.58.00:601][  0]LogLoad: (Engine Initialization) Total Blueprint compile time: 0.00 seconds
[2018.12.12-16.58.00:667][  0]LogContentStreaming: Texture pool size now 1000 MB
[2018.12.12-16.58.00:668][  0]LogSlate: Took 0.000150 seconds to synchronously load lazily loaded font '../../../Engine/Content/Slate/Fonts/Roboto-Regular.ttf' (155K)
[2018.12.12-16.58.00:669][  0]LogSlate: Took 0.000107 seconds to synchronously load lazily loaded font '../../../Engine/Content/Slate/Fonts/Roboto-Bold.ttf' (160K)
[2018.12.12-16.58.00:673][  0]LogSlate: Took 0.000097 seconds to synchronously load lazily loaded font '../../../Engine/Content/Editor/Slate/Fonts/FontAwesome.ttf' (139K)
[2018.12.12-16.58.00:748][  0]LogSlate: Took 0.000120 seconds to synchronously load lazily loaded font '../../../Engine/Content/Slate/Fonts/Roboto-Light.ttf' (167K)
[2018.12.12-16.58.00:785][  1]LogRenderer: Reallocating scene render targets to support 804x360 Format 10 NumSamples 1 (Frame:1).
[2018.12.12-16.58.00:786][  1]LogAssetRegistry: Asset discovery search completed in 4.5320 seconds
[2018.12.12-16.58.00:788][  1]LogCollectionManager: Rebuilt the object cache for 0 collections in 0.000000 seconds (found 0 objects)
[2018.12.12-16.58.00:788][  1]LogCollectionManager: Fixed up redirectors for 0 collections in 0.000049 seconds (updated 0 objects)
[2018.12.12-16.58.02:926][  8]LogSlate: FSceneViewport::OnFocusLost() reason 0
[2018.12.12-16.58.03:103][  8]LogSlate: Took 0.000148 seconds to synchronously load lazily loaded font '../../../Engine/Content/Slate/Fonts/Roboto-Light.ttf' (167K)
[2018.12.12-16.58.03:108][  8]LogAssetEditorManager: Opening Asset editor for Blueprint /Game/Blueprints/SurvivalGameCharacter.SurvivalGameCharacter
[2018.12.12-16.58.03:514][  8]LogContentBrowser: Native class hierarchy updated for 'BlueprintGraph' in 0.0011 seconds. Added 117 classes and 0 folders.
[2018.12.12-16.58.04:225][  8]LogSlate: Took 0.000144 seconds to synchronously load lazily loaded font '../../../Engine/Content/Slate/Fonts/Roboto-BoldCondensed.ttf' (158K)
[2018.12.12-16.58.04:287][  9]LogSlate: Took 0.000175 seconds to synchronously load lazily loaded font '../../../Engine/Content/Slate/Fonts/Roboto-Italic.ttf' (157K)
[2018.12.12-16.58.06:871][264]LogSlate: Window 'SurvivalGameCharacter' being destroyed
[2018.12.12-16.58.06:872][264]LogSlate: Window 'SurvivalGameCharacter' being destroyed
[2018.12.12-16.58.09:227][514]LogMaterial: Display: Missing cached shader map for material LayerVisMaterial, compiling. 
[2018.12.12-16.58.09:291][514]LogShaderCompilers: Display: Shaders left to compile 8
[2018.12.12-16.58.09:291][514]LogMaterial: Display: Missing cached shader map for material SelectBrushMaterial, compiling. 
[2018.12.12-16.58.09:328][514]LogMaterial: Display: Missing cached shader map for material SelectBrushMaterial, compiling. 
[2018.12.12-16.58.09:433][514]LogShaderCompilers: Display: Shaders left to compile 20
[2018.12.12-16.58.09:433][514]LogShaderCompilers: Display: Shaders left to compile 10
[2018.12.12-16.58.09:433][514]LogShaderCompilers: Display: Shaders left to compile 20
[2018.12.12-16.58.09:433][514]LogMaterial: Display: Missing cached shader map for material MaskBrushMaterial, compiling. 
[2018.12.12-16.58.09:759][514]LogMaterial: Display: Missing cached shader map for material LandscapeLayerUsageMaterial, compiling. 
[2018.12.12-16.58.10:212][514]LogMaterial: Display: Missing cached shader map for material CircleBrushMaterial, compiling. 
[2018.12.12-16.58.10:230][514]LogMaterial: Display: Missing cached shader map for material CircleBrushMaterial, compiling. 
[2018.12.12-16.58.10:272][514]LogMaterial: Display: Missing cached shader map for material CircleBrushMaterial, compiling. 
[2018.12.12-16.58.10:301][514]LogMaterial: Display: Missing cached shader map for material CircleBrushMaterial, compiling. 
[2018.12.12-16.58.10:356][514]LogMaterial: Display: Missing cached shader map for material AlphaBrushMaterial, compiling. 
[2018.12.12-16.58.10:392][514]LogMaterial: Display: Missing cached shader map for material CircleBrushMaterial, compiling. 
[2018.12.12-16.58.10:420][514]LogMaterial: Display: Missing cached shader map for material MaskBrushMaterial, compiling. 
[2018.12.12-16.58.10:489][514]LogTexture: Display: Building textures: Texture2D_2 (G8, 128X128)
[2018.12.12-16.58.12:741][694]LogShaderCompilers: Display: Shaders left to compile 178
[2018.12.12-16.58.12:812][697]LogTexture: Display: Building textures: Texture2D_3 (G8, 128X128)
[2018.12.12-16.58.13:552][761]LogShaderCompilers: Display: Shaders left to compile 168
[2018.12.12-16.58.13:684][774]LogShaderCompilers: Display: Shaders left to compile 158
[2018.12.12-16.58.13:705][775]LogShaderCompilers: Display: Shaders left to compile 148
[2018.12.12-16.58.15:449][939]LogShaderCompilers: Display: Shaders left to compile 138
[2018.12.12-16.58.16:079][  1]LogShaderCompilers: Display: Shaders left to compile 128
[2018.12.12-16.58.16:359][ 27]LogShaderCompilers: Display: Shaders left to compile 118
[2018.12.12-16.58.16:407][ 31]LogShaderCompilers: Display: Shaders left to compile 108
[2018.12.12-16.58.18:213][226]LogShaderCompilers: Display: Shaders left to compile 98
[2018.12.12-16.58.18:786][290]LogShaderCompilers: Display: Shaders left to compile 88
[2018.12.12-16.58.19:066][321]LogShaderCompilers: Display: Shaders left to compile 78
[2018.12.12-16.58.19:066][321]LogShaderCompilers: Display: Shaders left to compile 68
[2018.12.12-16.58.20:923][522]LogShaderCompilers: Display: Shaders left to compile 58
[2018.12.12-16.58.21:484][582]LogShaderCompilers: Display: Shaders left to compile 48
[2018.12.12-16.58.21:785][617]LogShaderCompilers: Display: Shaders left to compile 38
[2018.12.12-16.58.21:862][626]LogShaderCompilers: Display: Shaders left to compile 28
[2018.12.12-16.58.23:551][793]LogShaderCompilers: Display: Shaders left to compile 18
[2018.12.12-16.58.24:083][845]LogShaderCompilers: Display: Shaders left to compile 8
[2018.12.12-16.58.25:321][981]LogTexture: Display: Building textures: Texture2D_4 (G8, 128X128)
[2018.12.12-17.08.01:196][243]LogSavePackage: Moving 'C:/Users/Maciek/Desktop/Unreal-Engine-4/Study/Poradniki/SurvivalGame 4.21/Saved/SurvivalMap_Auto1DF22930142C2F0093DE06EB61D930B75.tmp' to 'C:/Users/Maciek/Desktop/Unreal-Engine-4/Study/Poradniki/SurvivalGame 4.21/Saved/Autosaves/Game/Maps/SurvivalMap_Auto1.umap'
[2018.12.12-17.08.01:234][243]LogFileHelpers: Editor autosave (incl. sublevels) for '/Game/Maps/SurvivalMap' took 0.154
[2018.12.12-17.08.01:234][243]LogFileHelpers: Editor autosave (incl. sublevels) for all levels took 0.154
